Startpoint: _19491_ (rising edge-triggered flip-flop clocked by clk)
Endpoint: _19459_ (rising edge-triggered flip-flop clocked by clk)
Path Group: clk
Path Type: min

Fanout     Cap    Slew   Delay    Time   Description
-----------------------------------------------------------------------------
                          0.00    0.00   clock clk (rise edge)
                          0.80    0.80   clock network delay (propagated)
                  0.04    0.00    0.80 ^ _19491_/CLK (sky130_fd_sc_hd__dfxtp_4)
                  0.03    0.21    1.01 ^ _19491_/Q (sky130_fd_sc_hd__dfxtp_4)
     3    0.00                           CPU_src2_value_a3[9] (net)
                  0.03    0.00    1.01 ^ _19459_/D (sky130_fd_sc_hd__dfxtp_4)
                                  1.01   data arrival time

                          0.00    0.00   clock clk (rise edge)
                          0.91    0.91   clock network delay (propagated)
                          0.00    0.91   clock reconvergence pessimism
                                  0.91 ^ _19459_/CLK (sky130_fd_sc_hd__dfxtp_4)
                         -0.01    0.90   library hold time
                                  0.90   data required time
-----------------------------------------------------------------------------
                                  0.90   data required time
                                 -1.01   data arrival time
-----------------------------------------------------------------------------
                                  0.11   slack (MET)


