Startpoint: _19515_ (rising edge-triggered flip-flop clocked by clk)
Endpoint: _20291_ (rising edge-triggered flip-flop clocked by clk)
Path Group: clk
Path Type: max

Fanout     Cap    Slew   Delay    Time   Description
-----------------------------------------------------------------------------
                          0.00    0.00   clock clk (rise edge)
                          0.84    0.84   clock network delay (propagated)
                  0.11    0.00    0.84 ^ _19515_/CLK (sky130_fd_sc_hd__dfxtp_4)
                  0.03    0.24    1.09 v _19515_/Q (sky130_fd_sc_hd__dfxtp_4)
     5    0.01                           CPU_src1_value_a3[1] (net)
                  0.03    0.00    1.09 v _12003_/B (sky130_fd_sc_hd__or2_4)
                  0.04    0.14    1.22 v _12003_/X (sky130_fd_sc_hd__or2_4)
     2    0.01                           _06471_ (net)
                  0.04    0.00    1.22 v _12004_/B1 (sky130_fd_sc_hd__o21a_4)
                  0.04    0.08    1.30 v _12004_/X (sky130_fd_sc_hd__o21a_4)
     2    0.01                           _06472_ (net)
                  0.04    0.00    1.30 v _12005_/B (sky130_fd_sc_hd__or2_4)
                  0.04    0.13    1.43 v _12005_/X (sky130_fd_sc_hd__or2_4)
     2    0.01                           _06473_ (net)
                  0.04    0.00    1.43 v _12006_/B1 (sky130_fd_sc_hd__o21a_4)
                  0.03    0.08    1.51 v _12006_/X (sky130_fd_sc_hd__o21a_4)
     3    0.01                           _06474_ (net)
                  0.03    0.00    1.51 v _12007_/B2 (sky130_fd_sc_hd__o22a_4)
                  0.05    0.12    1.63 v _12007_/X (sky130_fd_sc_hd__o22a_4)
     3    0.02                           _06475_ (net)
                  0.05    0.00    1.63 v _12008_/B2 (sky130_fd_sc_hd__o22a_4)
                  0.04    0.12    1.75 v _12008_/X (sky130_fd_sc_hd__o22a_4)
     3    0.02                           _06476_ (net)
                  0.04    0.00    1.75 v _12009_/D (sky130_fd_sc_hd__or4_4)
                  0.06    0.22    1.97 v _12009_/X (sky130_fd_sc_hd__or4_4)
     1    0.00                           _06477_ (net)
                  0.06    0.00    1.97 v _12010_/D (sky130_fd_sc_hd__and4_4)
                  0.05    0.15    2.12 v _12010_/X (sky130_fd_sc_hd__and4_4)
     4    0.03                           _06478_ (net)
                  0.05    0.00    2.12 v _12011_/C (sky130_fd_sc_hd__or3_4)
                  0.05    0.18    2.30 v _12011_/X (sky130_fd_sc_hd__or3_4)
     1    0.00                           _06479_ (net)
                  0.05    0.00    2.30 v _12012_/D (sky130_fd_sc_hd__and4_4)
                  0.05    0.14    2.44 v _12012_/X (sky130_fd_sc_hd__and4_4)
     4    0.02                           _06480_ (net)
                  0.05    0.00    2.44 v _12013_/C (sky130_fd_sc_hd__or3_4)
                  0.05    0.18    2.62 v _12013_/X (sky130_fd_sc_hd__or3_4)
     1    0.00                           _06481_ (net)
                  0.05    0.00    2.62 v _12014_/D (sky130_fd_sc_hd__and4_4)
                  0.05    0.14    2.76 v _12014_/X (sky130_fd_sc_hd__and4_4)
     3    0.02                           _06482_ (net)
                  0.05    0.00    2.76 v _12015_/D (sky130_fd_sc_hd__or4_4)
                  0.06    0.22    2.98 v _12015_/X (sky130_fd_sc_hd__or4_4)
     1    0.00                           _06483_ (net)
                  0.06    0.00    2.98 v _12016_/D (sky130_fd_sc_hd__and4_4)
                  0.04    0.14    3.12 v _12016_/X (sky130_fd_sc_hd__and4_4)
     3    0.02                           _06484_ (net)
                  0.04    0.00    3.12 v _12017_/C (sky130_fd_sc_hd__or3_4)
                  0.05    0.18    3.30 v _12017_/X (sky130_fd_sc_hd__or3_4)
     1    0.00                           _06485_ (net)
                  0.05    0.00    3.30 v _12018_/C (sky130_fd_sc_hd__and3_4)
                  0.04    0.12    3.42 v _12018_/X (sky130_fd_sc_hd__and3_4)
     2    0.02                           _06486_ (net)
                  0.04    0.00    3.42 v _12019_/B (sky130_fd_sc_hd__or2_4)
                  0.04    0.13    3.55 v _12019_/X (sky130_fd_sc_hd__or2_4)
     2    0.01                           _06487_ (net)
                  0.04    0.00    3.55 v _12020_/B1 (sky130_fd_sc_hd__o21a_4)
                  0.04    0.08    3.63 v _12020_/X (sky130_fd_sc_hd__o21a_4)
     2    0.01                           _06488_ (net)
                  0.04    0.00    3.63 v _12032_/A1 (sky130_fd_sc_hd__o21a_4)
                  0.03    0.12    3.75 v _12032_/X (sky130_fd_sc_hd__o21a_4)
     1    0.00                           _06500_ (net)
                  0.03    0.00    3.75 v _12033_/B2 (sky130_fd_sc_hd__a32o_4)
                  0.05    0.11    3.87 v _12033_/X (sky130_fd_sc_hd__a32o_4)
     3    0.02                           _06501_ (net)
                  0.05    0.00    3.87 v _12034_/B2 (sky130_fd_sc_hd__o22a_4)
                  0.03    0.11    3.97 v _12034_/X (sky130_fd_sc_hd__o22a_4)
     1    0.01                           _06502_ (net)
                  0.03    0.00    3.97 v _12035_/A (sky130_fd_sc_hd__inv_2)
                  0.14    0.11    4.08 ^ _12035_/Y (sky130_fd_sc_hd__inv_2)
     6    0.04                           _06503_ (net)
                  0.14    0.01    4.08 ^ _13296_/A (sky130_fd_sc_hd__buf_2)
                  0.13    0.17    4.25 ^ _13296_/X (sky130_fd_sc_hd__buf_2)
     6    0.04                           _07535_ (net)
                  0.13    0.00    4.25 ^ _13917_/A1 (sky130_fd_sc_hd__a211o_4)
                  0.03    0.10    4.35 ^ _13917_/X (sky130_fd_sc_hd__a211o_4)
     1    0.01                           _07996_ (net)
                  0.03    0.00    4.35 ^ _13918_/A (sky130_fd_sc_hd__inv_2)
                  0.01    0.01    4.37 v _13918_/Y (sky130_fd_sc_hd__inv_2)
     1    0.00                           _00621_ (net)
                  0.01    0.00    4.37 v _20291_/D (sky130_fd_sc_hd__dfxtp_4)
                                  4.37   data arrival time

                         10.00   10.00   clock clk (rise edge)
                          0.70   10.70   clock network delay (propagated)
                          0.00   10.70   clock reconvergence pessimism
                                 10.70 ^ _20291_/CLK (sky130_fd_sc_hd__dfxtp_4)
                         -0.05   10.65   library setup time
                                 10.65   data required time
-----------------------------------------------------------------------------
                                 10.65   data required time
                                 -4.37   data arrival time
-----------------------------------------------------------------------------
                                  6.29   slack (MET)


