Startpoint: _19450_ (rising edge-triggered flip-flop clocked by clk)
Endpoint: _20772_ (rising edge-triggered flip-flop clocked by clk)
Path Group: clk
Path Type: min

Fanout     Cap    Slew   Delay    Time   Description
-----------------------------------------------------------------------------
                          0.00    0.00   clock clk (rise edge)
                          0.94    0.94   clock network delay (propagated)
                  0.09    0.00    0.94 ^ _19450_/CLK (sky130_fd_sc_hd__dfxtp_4)
                  0.09    0.31    1.25 ^ _19450_/Q (sky130_fd_sc_hd__dfxtp_4)
     4    0.03                           CPU_dmem_wr_data_a4[0] (net)
                  0.09    0.00    1.25 ^ _11372_/A1 (sky130_fd_sc_hd__a211o_4)
                  0.02    0.09    1.34 ^ _11372_/X (sky130_fd_sc_hd__a211o_4)
     1    0.00                           _01102_ (net)
                  0.02    0.00    1.34 ^ _20772_/D (sky130_fd_sc_hd__dfxtp_4)
                                  1.34   data arrival time

                          0.00    0.00   clock clk (rise edge)
                          1.24    1.24   clock network delay (propagated)
                          0.00    1.24   clock reconvergence pessimism
                                  1.24 ^ _20772_/CLK (sky130_fd_sc_hd__dfxtp_4)
                         -0.01    1.23   library hold time
                                  1.23   data required time
-----------------------------------------------------------------------------
                                  1.23   data required time
                                 -1.34   data arrival time
-----------------------------------------------------------------------------
                                  0.11   slack (MET)


