Startpoint: _19515_ (rising edge-triggered flip-flop clocked by clk)
Endpoint: _20291_ (rising edge-triggered flip-flop clocked by clk)
Path Group: clk
Path Type: max

Fanout     Cap    Slew   Delay    Time   Description
-----------------------------------------------------------------------------
                          0.00    0.00   clock clk (rise edge)
                          1.14    1.14   clock network delay (propagated)
                  0.14    0.00    1.14 ^ _19515_/CLK (sky130_fd_sc_hd__dfxtp_4)
                  0.03    0.32    1.46 v _19515_/Q (sky130_fd_sc_hd__dfxtp_4)
     5    0.01                           CPU_src1_value_a3[1] (net)
                  0.03    0.00    1.46 v _12003_/B (sky130_fd_sc_hd__or2_4)
                  0.05    0.21    1.68 v _12003_/X (sky130_fd_sc_hd__or2_4)
     2    0.01                           _06471_ (net)
                  0.05    0.00    1.68 v _12004_/B1 (sky130_fd_sc_hd__o21a_4)
                  0.04    0.11    1.79 v _12004_/X (sky130_fd_sc_hd__o21a_4)
     2    0.01                           _06472_ (net)
                  0.04    0.00    1.79 v _12005_/B (sky130_fd_sc_hd__or2_4)
                  0.04    0.20    1.99 v _12005_/X (sky130_fd_sc_hd__or2_4)
     2    0.00                           _06473_ (net)
                  0.04    0.00    1.99 v _12006_/B1 (sky130_fd_sc_hd__o21a_4)
                  0.04    0.11    2.10 v _12006_/X (sky130_fd_sc_hd__o21a_4)
     3    0.01                           _06474_ (net)
                  0.04    0.00    2.10 v _12007_/B2 (sky130_fd_sc_hd__o22a_4)
                  0.05    0.18    2.29 v _12007_/X (sky130_fd_sc_hd__o22a_4)
     3    0.02                           _06475_ (net)
                  0.05    0.00    2.29 v _12008_/B2 (sky130_fd_sc_hd__o22a_4)
                  0.05    0.19    2.47 v _12008_/X (sky130_fd_sc_hd__o22a_4)
     3    0.02                           _06476_ (net)
                  0.05    0.00    2.47 v _12009_/D (sky130_fd_sc_hd__or4_4)
                  0.08    0.38    2.85 v _12009_/X (sky130_fd_sc_hd__or4_4)
     1    0.00                           _06477_ (net)
                  0.08    0.00    2.85 v _12010_/D (sky130_fd_sc_hd__and4_4)
                  0.05    0.22    3.07 v _12010_/X (sky130_fd_sc_hd__and4_4)
     4    0.02                           _06478_ (net)
                  0.05    0.00    3.07 v _12011_/C (sky130_fd_sc_hd__or3_4)
                  0.06    0.29    3.37 v _12011_/X (sky130_fd_sc_hd__or3_4)
     1    0.00                           _06479_ (net)
                  0.06    0.00    3.37 v _12012_/D (sky130_fd_sc_hd__and4_4)
                  0.05    0.21    3.57 v _12012_/X (sky130_fd_sc_hd__and4_4)
     4    0.02                           _06480_ (net)
                  0.05    0.00    3.57 v _12013_/C (sky130_fd_sc_hd__or3_4)
                  0.06    0.30    3.87 v _12013_/X (sky130_fd_sc_hd__or3_4)
     1    0.00                           _06481_ (net)
                  0.06    0.00    3.87 v _12014_/D (sky130_fd_sc_hd__and4_4)
                  0.05    0.21    4.08 v _12014_/X (sky130_fd_sc_hd__and4_4)
     3    0.02                           _06482_ (net)
                  0.05    0.00    4.08 v _12015_/D (sky130_fd_sc_hd__or4_4)
                  0.08    0.38    4.46 v _12015_/X (sky130_fd_sc_hd__or4_4)
     1    0.00                           _06483_ (net)
                  0.08    0.00    4.46 v _12016_/D (sky130_fd_sc_hd__and4_4)
                  0.05    0.21    4.67 v _12016_/X (sky130_fd_sc_hd__and4_4)
     3    0.02                           _06484_ (net)
                  0.05    0.00    4.67 v _12017_/C (sky130_fd_sc_hd__or3_4)
                  0.06    0.29    4.96 v _12017_/X (sky130_fd_sc_hd__or3_4)
     1    0.00                           _06485_ (net)
                  0.06    0.00    4.96 v _12018_/C (sky130_fd_sc_hd__and3_4)
                  0.04    0.19    5.14 v _12018_/X (sky130_fd_sc_hd__and3_4)
     2    0.01                           _06486_ (net)
                  0.04    0.00    5.14 v _12019_/B (sky130_fd_sc_hd__or2_4)
                  0.04    0.21    5.35 v _12019_/X (sky130_fd_sc_hd__or2_4)
     2    0.00                           _06487_ (net)
                  0.04    0.00    5.35 v _12020_/B1 (sky130_fd_sc_hd__o21a_4)
                  0.04    0.11    5.46 v _12020_/X (sky130_fd_sc_hd__o21a_4)
     2    0.01                           _06488_ (net)
                  0.04    0.00    5.46 v _12032_/A1 (sky130_fd_sc_hd__o21a_4)
                  0.03    0.19    5.65 v _12032_/X (sky130_fd_sc_hd__o21a_4)
     1    0.00                           _06500_ (net)
                  0.03    0.00    5.65 v _12033_/B2 (sky130_fd_sc_hd__a32o_4)
                  0.05    0.16    5.81 v _12033_/X (sky130_fd_sc_hd__a32o_4)
     3    0.02                           _06501_ (net)
                  0.05    0.00    5.81 v _12034_/B2 (sky130_fd_sc_hd__o22a_4)
                  0.04    0.16    5.98 v _12034_/X (sky130_fd_sc_hd__o22a_4)
     1    0.00                           _06502_ (net)
                  0.04    0.00    5.98 v _12035_/A (sky130_fd_sc_hd__inv_2)
                  0.19    0.16    6.13 ^ _12035_/Y (sky130_fd_sc_hd__inv_2)
     6    0.04                           _06503_ (net)
                  0.19    0.01    6.14 ^ _13296_/A (sky130_fd_sc_hd__buf_2)
                  0.18    0.23    6.37 ^ _13296_/X (sky130_fd_sc_hd__buf_2)
     6    0.04                           _07535_ (net)
                  0.18    0.00    6.37 ^ _13917_/A1 (sky130_fd_sc_hd__a211o_4)
                  0.03    0.13    6.50 ^ _13917_/X (sky130_fd_sc_hd__a211o_4)
     1    0.01                           _07996_ (net)
                  0.03    0.00    6.50 ^ _13918_/A (sky130_fd_sc_hd__inv_2)
                  0.01    0.02    6.52 v _13918_/Y (sky130_fd_sc_hd__inv_2)
     1    0.00                           _00621_ (net)
                  0.01    0.00    6.52 v _20291_/D (sky130_fd_sc_hd__dfxtp_4)
                                  6.52   data arrival time

                         10.00   10.00   clock clk (rise edge)
                          0.93   10.93   clock network delay (propagated)
                          0.00   10.93   clock reconvergence pessimism
                                 10.93 ^ _20291_/CLK (sky130_fd_sc_hd__dfxtp_4)
                         -0.08   10.84   library setup time
                                 10.84   data required time
-----------------------------------------------------------------------------
                                 10.84   data required time
                                 -6.52   data arrival time
-----------------------------------------------------------------------------
                                  4.33   slack (MET)


