Startpoint: _19515_ (rising edge-triggered flip-flop clocked by clk)
Endpoint: _20451_ (rising edge-triggered flip-flop clocked by clk)
Path Group: clk
Path Type: max

Fanout     Cap    Slew   Delay    Time   Description
-----------------------------------------------------------------------------
                          0.00    0.00   clock clk (rise edge)
                          2.35    2.35   clock network delay (propagated)
                  0.23    0.00    2.35 ^ _19515_/CLK (sky130_fd_sc_hd__dfxtp_4)
                  0.06    0.73    3.08 v _19515_/Q (sky130_fd_sc_hd__dfxtp_4)
     5    0.01                           CPU_src1_value_a3[1] (net)
                  0.06    0.00    3.08 v _12003_/B (sky130_fd_sc_hd__or2_4)
                  0.10    0.46    3.54 v _12003_/X (sky130_fd_sc_hd__or2_4)
     2    0.01                           _06471_ (net)
                  0.10    0.00    3.54 v _12004_/B1 (sky130_fd_sc_hd__o21a_4)
                  0.08    0.24    3.78 v _12004_/X (sky130_fd_sc_hd__o21a_4)
     2    0.01                           _06472_ (net)
                  0.08    0.00    3.78 v _12005_/B (sky130_fd_sc_hd__or2_4)
                  0.08    0.44    4.22 v _12005_/X (sky130_fd_sc_hd__or2_4)
     2    0.01                           _06473_ (net)
                  0.08    0.00    4.22 v _12006_/B1 (sky130_fd_sc_hd__o21a_4)
                  0.07    0.23    4.45 v _12006_/X (sky130_fd_sc_hd__o21a_4)
     3    0.01                           _06474_ (net)
                  0.07    0.00    4.45 v _12007_/B2 (sky130_fd_sc_hd__o22a_4)
                  0.12    0.41    4.85 v _12007_/X (sky130_fd_sc_hd__o22a_4)
     3    0.02                           _06475_ (net)
                  0.12    0.00    4.86 v _12008_/B2 (sky130_fd_sc_hd__o22a_4)
                  0.11    0.42    5.27 v _12008_/X (sky130_fd_sc_hd__o22a_4)
     3    0.02                           _06476_ (net)
                  0.11    0.00    5.27 v _12009_/D (sky130_fd_sc_hd__or4_4)
                  0.15    0.84    6.11 v _12009_/X (sky130_fd_sc_hd__or4_4)
     1    0.00                           _06477_ (net)
                  0.15    0.00    6.11 v _12010_/D (sky130_fd_sc_hd__and4_4)
                  0.10    0.44    6.55 v _12010_/X (sky130_fd_sc_hd__and4_4)
     4    0.02                           _06478_ (net)
                  0.10    0.00    6.55 v _12011_/C (sky130_fd_sc_hd__or3_4)
                  0.11    0.64    7.19 v _12011_/X (sky130_fd_sc_hd__or3_4)
     1    0.00                           _06479_ (net)
                  0.11    0.00    7.19 v _12012_/D (sky130_fd_sc_hd__and4_4)
                  0.10    0.41    7.60 v _12012_/X (sky130_fd_sc_hd__and4_4)
     4    0.02                           _06480_ (net)
                  0.10    0.00    7.60 v _12013_/C (sky130_fd_sc_hd__or3_4)
                  0.12    0.65    8.25 v _12013_/X (sky130_fd_sc_hd__or3_4)
     1    0.00                           _06481_ (net)
                  0.12    0.00    8.25 v _12014_/D (sky130_fd_sc_hd__and4_4)
                  0.09    0.41    8.66 v _12014_/X (sky130_fd_sc_hd__and4_4)
     3    0.02                           _06482_ (net)
                  0.09    0.00    8.66 v _12015_/D (sky130_fd_sc_hd__or4_4)
                  0.15    0.83    9.49 v _12015_/X (sky130_fd_sc_hd__or4_4)
     1    0.00                           _06483_ (net)
                  0.15    0.00    9.49 v _12016_/D (sky130_fd_sc_hd__and4_4)
                  0.09    0.41    9.90 v _12016_/X (sky130_fd_sc_hd__and4_4)
     3    0.02                           _06484_ (net)
                  0.09    0.00    9.90 v _12017_/C (sky130_fd_sc_hd__or3_4)
                  0.11    0.63   10.54 v _12017_/X (sky130_fd_sc_hd__or3_4)
     1    0.00                           _06485_ (net)
                  0.11    0.00   10.54 v _12018_/C (sky130_fd_sc_hd__and3_4)
                  0.08    0.37   10.91 v _12018_/X (sky130_fd_sc_hd__and3_4)
     2    0.01                           _06486_ (net)
                  0.08    0.00   10.91 v _12019_/B (sky130_fd_sc_hd__or2_4)
                  0.08    0.44   11.35 v _12019_/X (sky130_fd_sc_hd__or2_4)
     2    0.01                           _06487_ (net)
                  0.08    0.00   11.35 v _12020_/B1 (sky130_fd_sc_hd__o21a_4)
                  0.08    0.24   11.59 v _12020_/X (sky130_fd_sc_hd__o21a_4)
     2    0.01                           _06488_ (net)
                  0.08    0.00   11.59 v _12032_/A1 (sky130_fd_sc_hd__o21a_4)
                  0.06    0.39   11.98 v _12032_/X (sky130_fd_sc_hd__o21a_4)
     1    0.00                           _06500_ (net)
                  0.06    0.00   11.98 v _12033_/B2 (sky130_fd_sc_hd__a32o_4)
                  0.10    0.50   12.48 v _12033_/X (sky130_fd_sc_hd__a32o_4)
     3    0.02                           _06501_ (net)
                  0.10    0.00   12.48 v _12034_/B2 (sky130_fd_sc_hd__o22a_4)
                  0.07    0.36   12.84 v _12034_/X (sky130_fd_sc_hd__o22a_4)
     1    0.00                           _06502_ (net)
                  0.07    0.00   12.84 v _12035_/A (sky130_fd_sc_hd__inv_2)
                  0.30    0.26   13.10 ^ _12035_/Y (sky130_fd_sc_hd__inv_2)
     6    0.04                           _06503_ (net)
                  0.30    0.01   13.11 ^ _13296_/A (sky130_fd_sc_hd__buf_2)
                  0.29    0.46   13.56 ^ _13296_/X (sky130_fd_sc_hd__buf_2)
     6    0.04                           _07535_ (net)
                  0.29    0.00   13.56 ^ _13305_/A1 (sky130_fd_sc_hd__a211o_4)
                  0.06    0.32   13.88 ^ _13305_/X (sky130_fd_sc_hd__a211o_4)
     1    0.01                           _07544_ (net)
                  0.06    0.00   13.88 ^ _13306_/A (sky130_fd_sc_hd__inv_2)
                  0.02    0.04   13.92 v _13306_/Y (sky130_fd_sc_hd__inv_2)
     1    0.00                           _00781_ (net)
                  0.02    0.00   13.92 v _20451_/D (sky130_fd_sc_hd__dfxtp_4)
                                 13.92   data arrival time

                         10.00   10.00   clock clk (rise edge)
                          1.93   11.93   clock network delay (propagated)
                          0.00   11.93   clock reconvergence pessimism
                                 11.93 ^ _20451_/CLK (sky130_fd_sc_hd__dfxtp_4)
                         -0.23   11.71   library setup time
                                 11.71   data required time
-----------------------------------------------------------------------------
                                 11.71   data required time
                                -13.92   data arrival time
-----------------------------------------------------------------------------
                                 -2.22   slack (VIOLATED)


