Startpoint: _19515_ (rising edge-triggered flip-flop clocked by clk)
Endpoint: _20291_ (rising edge-triggered flip-flop clocked by clk)
Path Group: clk
Path Type: max

Fanout     Cap    Slew   Delay    Time   Description
-----------------------------------------------------------------------------
                          0.00    0.00   clock clk (rise edge)
                          4.39    4.39   clock network delay (propagated)
                  0.46    0.00    4.39 ^ _19515_/CLK (sky130_fd_sc_hd__dfxtp_4)
                  0.09    1.25    5.65 v _19515_/Q (sky130_fd_sc_hd__dfxtp_4)
     5    0.01                           CPU_src1_value_a3[1] (net)
                  0.09    0.00    5.65 v _12003_/B (sky130_fd_sc_hd__or2_4)
                  0.15    0.96    6.61 v _12003_/X (sky130_fd_sc_hd__or2_4)
     2    0.01                           _06471_ (net)
                  0.15    0.00    6.61 v _12004_/B1 (sky130_fd_sc_hd__o21a_4)
                  0.11    0.45    7.06 v _12004_/X (sky130_fd_sc_hd__o21a_4)
     2    0.01                           _06472_ (net)
                  0.11    0.00    7.06 v _12005_/B (sky130_fd_sc_hd__or2_4)
                  0.14    0.95    8.01 v _12005_/X (sky130_fd_sc_hd__or2_4)
     2    0.00                           _06473_ (net)
                  0.14    0.00    8.01 v _12006_/B1 (sky130_fd_sc_hd__o21a_4)
                  0.11    0.44    8.45 v _12006_/X (sky130_fd_sc_hd__o21a_4)
     3    0.01                           _06474_ (net)
                  0.11    0.00    8.45 v _12007_/B2 (sky130_fd_sc_hd__o22a_4)
                  0.15    0.86    9.31 v _12007_/X (sky130_fd_sc_hd__o22a_4)
     3    0.02                           _06475_ (net)
                  0.15    0.00    9.31 v _12008_/B2 (sky130_fd_sc_hd__o22a_4)
                  0.14    0.87   10.18 v _12008_/X (sky130_fd_sc_hd__o22a_4)
     3    0.01                           _06476_ (net)
                  0.14    0.00   10.18 v _12009_/D (sky130_fd_sc_hd__or4_4)
                  0.31    2.10   12.28 v _12009_/X (sky130_fd_sc_hd__or4_4)
     1    0.00                           _06477_ (net)
                  0.31    0.00   12.28 v _12010_/D (sky130_fd_sc_hd__and4_4)
                  0.13    0.90   13.18 v _12010_/X (sky130_fd_sc_hd__and4_4)
     4    0.02                           _06478_ (net)
                  0.13    0.00   13.18 v _12011_/C (sky130_fd_sc_hd__or3_4)
                  0.22    1.53   14.71 v _12011_/X (sky130_fd_sc_hd__or3_4)
     1    0.00                           _06479_ (net)
                  0.22    0.00   14.71 v _12012_/D (sky130_fd_sc_hd__and4_4)
                  0.13    0.84   15.55 v _12012_/X (sky130_fd_sc_hd__and4_4)
     4    0.02                           _06480_ (net)
                  0.13    0.00   15.55 v _12013_/C (sky130_fd_sc_hd__or3_4)
                  0.23    1.54   17.09 v _12013_/X (sky130_fd_sc_hd__or3_4)
     1    0.00                           _06481_ (net)
                  0.23    0.00   17.09 v _12014_/D (sky130_fd_sc_hd__and4_4)
                  0.13    0.84   17.93 v _12014_/X (sky130_fd_sc_hd__and4_4)
     3    0.02                           _06482_ (net)
                  0.13    0.00   17.93 v _12015_/D (sky130_fd_sc_hd__or4_4)
                  0.31    2.08   20.01 v _12015_/X (sky130_fd_sc_hd__or4_4)
     1    0.00                           _06483_ (net)
                  0.31    0.00   20.01 v _12016_/D (sky130_fd_sc_hd__and4_4)
                  0.12    0.88   20.90 v _12016_/X (sky130_fd_sc_hd__and4_4)
     3    0.02                           _06484_ (net)
                  0.12    0.00   20.90 v _12017_/C (sky130_fd_sc_hd__or3_4)
                  0.22    1.52   22.42 v _12017_/X (sky130_fd_sc_hd__or3_4)
     1    0.00                           _06485_ (net)
                  0.22    0.00   22.42 v _12018_/C (sky130_fd_sc_hd__and3_4)
                  0.11    0.77   23.19 v _12018_/X (sky130_fd_sc_hd__and3_4)
     2    0.01                           _06486_ (net)
                  0.11    0.00   23.19 v _12019_/B (sky130_fd_sc_hd__or2_4)
                  0.14    0.95   24.13 v _12019_/X (sky130_fd_sc_hd__or2_4)
     2    0.00                           _06487_ (net)
                  0.14    0.00   24.13 v _12020_/B1 (sky130_fd_sc_hd__o21a_4)
                  0.11    0.45   24.59 v _12020_/X (sky130_fd_sc_hd__o21a_4)
     2    0.01                           _06488_ (net)
                  0.11    0.00   24.59 v _12032_/A1 (sky130_fd_sc_hd__o21a_4)
                  0.10    0.83   25.42 v _12032_/X (sky130_fd_sc_hd__o21a_4)
     1    0.00                           _06500_ (net)
                  0.10    0.00   25.42 v _12033_/B2 (sky130_fd_sc_hd__a32o_4)
                  0.14    0.99   26.41 v _12033_/X (sky130_fd_sc_hd__a32o_4)
     3    0.01                           _06501_ (net)
                  0.14    0.00   26.41 v _12034_/B2 (sky130_fd_sc_hd__o22a_4)
                  0.11    0.81   27.22 v _12034_/X (sky130_fd_sc_hd__o22a_4)
     1    0.00                           _06502_ (net)
                  0.11    0.00   27.22 v _12035_/A (sky130_fd_sc_hd__inv_2)
                  0.57    0.51   27.73 ^ _12035_/Y (sky130_fd_sc_hd__inv_2)
     6    0.04                           _06503_ (net)
                  0.57    0.01   27.73 ^ _13296_/A (sky130_fd_sc_hd__buf_2)
                  0.54    0.85   28.58 ^ _13296_/X (sky130_fd_sc_hd__buf_2)
     6    0.03                           _07535_ (net)
                  0.54    0.00   28.58 ^ _13917_/A1 (sky130_fd_sc_hd__a211o_4)
                  0.09    0.52   29.10 ^ _13917_/X (sky130_fd_sc_hd__a211o_4)
     1    0.00                           _07996_ (net)
                  0.09    0.00   29.10 ^ _13918_/A (sky130_fd_sc_hd__inv_2)
                  0.02    0.06   29.16 v _13918_/Y (sky130_fd_sc_hd__inv_2)
     1    0.00                           _00621_ (net)
                  0.02    0.00   29.16 v _20291_/D (sky130_fd_sc_hd__dfxtp_4)
                                 29.16   data arrival time

                         10.00   10.00   clock clk (rise edge)
                          3.48   13.48   clock network delay (propagated)
                          0.00   13.48   clock reconvergence pessimism
                                 13.48 ^ _20291_/CLK (sky130_fd_sc_hd__dfxtp_4)
                         -0.50   12.98   library setup time
                                 12.98   data required time
-----------------------------------------------------------------------------
                                 12.98   data required time
                                -29.16   data arrival time
-----------------------------------------------------------------------------
                                -16.18   slack (VIOLATED)


