Startpoint: _19515_ (rising edge-triggered flip-flop clocked by clk)
Endpoint: _20291_ (rising edge-triggered flip-flop clocked by clk)
Path Group: clk
Path Type: max

Fanout     Cap    Slew   Delay    Time   Description
-----------------------------------------------------------------------------
                          0.00    0.00   clock clk (rise edge)
                          2.90    2.90   clock network delay (propagated)
                  0.30    0.00    2.90 ^ _19515_/CLK (sky130_fd_sc_hd__dfxtp_4)
                  0.06    0.82    3.72 v _19515_/Q (sky130_fd_sc_hd__dfxtp_4)
     5    0.01                           CPU_src1_value_a3[1] (net)
                  0.06    0.00    3.72 v _12003_/B (sky130_fd_sc_hd__or2_4)
                  0.10    0.59    4.31 v _12003_/X (sky130_fd_sc_hd__or2_4)
     2    0.01                           _06471_ (net)
                  0.10    0.00    4.31 v _12004_/B1 (sky130_fd_sc_hd__o21a_4)
                  0.07    0.28    4.59 v _12004_/X (sky130_fd_sc_hd__o21a_4)
     2    0.01                           _06472_ (net)
                  0.07    0.00    4.59 v _12005_/B (sky130_fd_sc_hd__or2_4)
                  0.09    0.58    5.17 v _12005_/X (sky130_fd_sc_hd__or2_4)
     2    0.00                           _06473_ (net)
                  0.09    0.00    5.17 v _12006_/B1 (sky130_fd_sc_hd__o21a_4)
                  0.07    0.28    5.44 v _12006_/X (sky130_fd_sc_hd__o21a_4)
     3    0.01                           _06474_ (net)
                  0.07    0.00    5.44 v _12007_/B2 (sky130_fd_sc_hd__o22a_4)
                  0.10    0.51    5.96 v _12007_/X (sky130_fd_sc_hd__o22a_4)
     3    0.02                           _06475_ (net)
                  0.10    0.00    5.96 v _12008_/B2 (sky130_fd_sc_hd__o22a_4)
                  0.09    0.52    6.47 v _12008_/X (sky130_fd_sc_hd__o22a_4)
     3    0.02                           _06476_ (net)
                  0.09    0.00    6.47 v _12009_/D (sky130_fd_sc_hd__or4_4)
                  0.18    1.20    7.67 v _12009_/X (sky130_fd_sc_hd__or4_4)
     1    0.00                           _06477_ (net)
                  0.18    0.00    7.67 v _12010_/D (sky130_fd_sc_hd__and4_4)
                  0.09    0.56    8.23 v _12010_/X (sky130_fd_sc_hd__and4_4)
     4    0.02                           _06478_ (net)
                  0.09    0.00    8.23 v _12011_/C (sky130_fd_sc_hd__or3_4)
                  0.13    0.90    9.13 v _12011_/X (sky130_fd_sc_hd__or3_4)
     1    0.00                           _06479_ (net)
                  0.13    0.00    9.13 v _12012_/D (sky130_fd_sc_hd__and4_4)
                  0.09    0.52    9.65 v _12012_/X (sky130_fd_sc_hd__and4_4)
     4    0.02                           _06480_ (net)
                  0.09    0.00    9.65 v _12013_/C (sky130_fd_sc_hd__or3_4)
                  0.14    0.90   10.56 v _12013_/X (sky130_fd_sc_hd__or3_4)
     1    0.00                           _06481_ (net)
                  0.14    0.00   10.56 v _12014_/D (sky130_fd_sc_hd__and4_4)
                  0.09    0.52   11.08 v _12014_/X (sky130_fd_sc_hd__and4_4)
     3    0.02                           _06482_ (net)
                  0.09    0.00   11.08 v _12015_/D (sky130_fd_sc_hd__or4_4)
                  0.18    1.19   12.27 v _12015_/X (sky130_fd_sc_hd__or4_4)
     1    0.00                           _06483_ (net)
                  0.18    0.00   12.27 v _12016_/D (sky130_fd_sc_hd__and4_4)
                  0.08    0.54   12.81 v _12016_/X (sky130_fd_sc_hd__and4_4)
     3    0.02                           _06484_ (net)
                  0.08    0.00   12.81 v _12017_/C (sky130_fd_sc_hd__or3_4)
                  0.13    0.89   13.70 v _12017_/X (sky130_fd_sc_hd__or3_4)
     1    0.00                           _06485_ (net)
                  0.13    0.00   13.70 v _12018_/C (sky130_fd_sc_hd__and3_4)
                  0.08    0.48   14.18 v _12018_/X (sky130_fd_sc_hd__and3_4)
     2    0.01                           _06486_ (net)
                  0.08    0.00   14.18 v _12019_/B (sky130_fd_sc_hd__or2_4)
                  0.09    0.58   14.75 v _12019_/X (sky130_fd_sc_hd__or2_4)
     2    0.00                           _06487_ (net)
                  0.09    0.00   14.75 v _12020_/B1 (sky130_fd_sc_hd__o21a_4)
                  0.08    0.28   15.04 v _12020_/X (sky130_fd_sc_hd__o21a_4)
     2    0.01                           _06488_ (net)
                  0.08    0.00   15.04 v _12032_/A1 (sky130_fd_sc_hd__o21a_4)
                  0.06    0.51   15.54 v _12032_/X (sky130_fd_sc_hd__o21a_4)
     1    0.00                           _06500_ (net)
                  0.06    0.00   15.54 v _12033_/B2 (sky130_fd_sc_hd__a32o_4)
                  0.09    0.64   16.18 v _12033_/X (sky130_fd_sc_hd__a32o_4)
     3    0.02                           _06501_ (net)
                  0.09    0.00   16.18 v _12034_/B2 (sky130_fd_sc_hd__o22a_4)
                  0.07    0.47   16.65 v _12034_/X (sky130_fd_sc_hd__o22a_4)
     1    0.00                           _06502_ (net)
                  0.07    0.00   16.65 v _12035_/A (sky130_fd_sc_hd__inv_2)
                  0.39    0.33   16.99 ^ _12035_/Y (sky130_fd_sc_hd__inv_2)
     6    0.04                           _06503_ (net)
                  0.39    0.01   16.99 ^ _13296_/A (sky130_fd_sc_hd__buf_2)
                  0.36    0.55   17.55 ^ _13296_/X (sky130_fd_sc_hd__buf_2)
     6    0.03                           _07535_ (net)
                  0.36    0.00   17.55 ^ _13917_/A1 (sky130_fd_sc_hd__a211o_4)
                  0.06    0.33   17.88 ^ _13917_/X (sky130_fd_sc_hd__a211o_4)
     1    0.01                           _07996_ (net)
                  0.06    0.00   17.88 ^ _13918_/A (sky130_fd_sc_hd__inv_2)
                  0.01    0.04   17.92 v _13918_/Y (sky130_fd_sc_hd__inv_2)
     1    0.00                           _00621_ (net)
                  0.01    0.00   17.92 v _20291_/D (sky130_fd_sc_hd__dfxtp_4)
                                 17.92   data arrival time

                         10.00   10.00   clock clk (rise edge)
                          2.30   12.30   clock network delay (propagated)
                          0.00   12.30   clock reconvergence pessimism
                                 12.30 ^ _20291_/CLK (sky130_fd_sc_hd__dfxtp_4)
                         -0.28   12.02   library setup time
                                 12.02   data required time
-----------------------------------------------------------------------------
                                 12.02   data required time
                                -17.92   data arrival time
-----------------------------------------------------------------------------
                                 -5.89   slack (VIOLATED)


