Startpoint: _19515_ (rising edge-triggered flip-flop clocked by clk)
Endpoint: _20451_ (rising edge-triggered flip-flop clocked by clk)
Path Group: clk
Path Type: max

Fanout     Cap    Slew   Delay    Time   Description
-----------------------------------------------------------------------------
                          0.00    0.00   clock clk (rise edge)
                          6.07    6.07   clock network delay (propagated)
                  0.64    0.00    6.07 ^ _19515_/CLK (sky130_fd_sc_hd__dfxtp_4)
                  0.12    1.74    7.81 v _19515_/Q (sky130_fd_sc_hd__dfxtp_4)
     5    0.01                           CPU_src1_value_a3[1] (net)
                  0.12    0.00    7.81 v _12003_/B (sky130_fd_sc_hd__or2_4)
                  0.22    1.41    9.22 v _12003_/X (sky130_fd_sc_hd__or2_4)
     2    0.01                           _06471_ (net)
                  0.22    0.00    9.22 v _12004_/B1 (sky130_fd_sc_hd__o21a_4)
                  0.16    0.66    9.88 v _12004_/X (sky130_fd_sc_hd__o21a_4)
     2    0.01                           _06472_ (net)
                  0.16    0.00    9.88 v _12005_/B (sky130_fd_sc_hd__or2_4)
                  0.21    1.39   11.27 v _12005_/X (sky130_fd_sc_hd__or2_4)
     2    0.00                           _06473_ (net)
                  0.21    0.00   11.27 v _12006_/B1 (sky130_fd_sc_hd__o21a_4)
                  0.16    0.65   11.92 v _12006_/X (sky130_fd_sc_hd__o21a_4)
     3    0.01                           _06474_ (net)
                  0.16    0.00   11.92 v _12007_/B2 (sky130_fd_sc_hd__o22a_4)
                  0.20    1.30   13.21 v _12007_/X (sky130_fd_sc_hd__o22a_4)
     3    0.02                           _06475_ (net)
                  0.20    0.00   13.21 v _12008_/B2 (sky130_fd_sc_hd__o22a_4)
                  0.20    1.31   14.52 v _12008_/X (sky130_fd_sc_hd__o22a_4)
     3    0.01                           _06476_ (net)
                  0.20    0.00   14.52 v _12009_/D (sky130_fd_sc_hd__or4_4)
                  0.47    3.25   17.77 v _12009_/X (sky130_fd_sc_hd__or4_4)
     1    0.00                           _06477_ (net)
                  0.47    0.00   17.77 v _12010_/D (sky130_fd_sc_hd__and4_4)
                  0.19    1.33   19.10 v _12010_/X (sky130_fd_sc_hd__and4_4)
     4    0.02                           _06478_ (net)
                  0.19    0.00   19.10 v _12011_/C (sky130_fd_sc_hd__or3_4)
                  0.33    2.32   21.42 v _12011_/X (sky130_fd_sc_hd__or3_4)
     1    0.00                           _06479_ (net)
                  0.33    0.00   21.42 v _12012_/D (sky130_fd_sc_hd__and4_4)
                  0.18    1.23   22.66 v _12012_/X (sky130_fd_sc_hd__and4_4)
     4    0.02                           _06480_ (net)
                  0.18    0.00   22.66 v _12013_/C (sky130_fd_sc_hd__or3_4)
                  0.34    2.34   24.99 v _12013_/X (sky130_fd_sc_hd__or3_4)
     1    0.00                           _06481_ (net)
                  0.34    0.00   24.99 v _12014_/D (sky130_fd_sc_hd__and4_4)
                  0.18    1.23   26.22 v _12014_/X (sky130_fd_sc_hd__and4_4)
     3    0.02                           _06482_ (net)
                  0.18    0.00   26.22 v _12015_/D (sky130_fd_sc_hd__or4_4)
                  0.47    3.22   29.44 v _12015_/X (sky130_fd_sc_hd__or4_4)
     1    0.00                           _06483_ (net)
                  0.47    0.00   29.44 v _12016_/D (sky130_fd_sc_hd__and4_4)
                  0.17    1.30   30.74 v _12016_/X (sky130_fd_sc_hd__and4_4)
     3    0.02                           _06484_ (net)
                  0.17    0.00   30.74 v _12017_/C (sky130_fd_sc_hd__or3_4)
                  0.33    2.31   33.05 v _12017_/X (sky130_fd_sc_hd__or3_4)
     1    0.00                           _06485_ (net)
                  0.33    0.00   33.05 v _12018_/C (sky130_fd_sc_hd__and3_4)
                  0.15    1.13   34.18 v _12018_/X (sky130_fd_sc_hd__and3_4)
     2    0.01                           _06486_ (net)
                  0.15    0.00   34.18 v _12019_/B (sky130_fd_sc_hd__or2_4)
                  0.21    1.39   35.57 v _12019_/X (sky130_fd_sc_hd__or2_4)
     2    0.00                           _06487_ (net)
                  0.21    0.00   35.57 v _12020_/B1 (sky130_fd_sc_hd__o21a_4)
                  0.16    0.66   36.23 v _12020_/X (sky130_fd_sc_hd__o21a_4)
     2    0.01                           _06488_ (net)
                  0.16    0.00   36.23 v _12032_/A1 (sky130_fd_sc_hd__o21a_4)
                  0.14    1.24   37.47 v _12032_/X (sky130_fd_sc_hd__o21a_4)
     1    0.00                           _06500_ (net)
                  0.14    0.00   37.47 v _12033_/B2 (sky130_fd_sc_hd__a32o_4)
                  0.19    1.41   38.87 v _12033_/X (sky130_fd_sc_hd__a32o_4)
     3    0.01                           _06501_ (net)
                  0.19    0.00   38.87 v _12034_/B2 (sky130_fd_sc_hd__o22a_4)
                  0.17    1.23   40.11 v _12034_/X (sky130_fd_sc_hd__o22a_4)
     1    0.00                           _06502_ (net)
                  0.17    0.00   40.11 v _12035_/A (sky130_fd_sc_hd__inv_2)
                  0.78    0.71   40.81 ^ _12035_/Y (sky130_fd_sc_hd__inv_2)
     6    0.04                           _06503_ (net)
                  0.78    0.01   40.82 ^ _13296_/A (sky130_fd_sc_hd__buf_2)
                  0.72    1.15   41.97 ^ _13296_/X (sky130_fd_sc_hd__buf_2)
     6    0.03                           _07535_ (net)
                  0.72    0.00   41.97 ^ _13305_/A1 (sky130_fd_sc_hd__a211o_4)
                  0.11    0.68   42.65 ^ _13305_/X (sky130_fd_sc_hd__a211o_4)
     1    0.00                           _07544_ (net)
                  0.11    0.00   42.65 ^ _13306_/A (sky130_fd_sc_hd__inv_2)
                  0.02    0.09   42.73 v _13306_/Y (sky130_fd_sc_hd__inv_2)
     1    0.00                           _00781_ (net)
                  0.02    0.00   42.73 v _20451_/D (sky130_fd_sc_hd__dfxtp_4)
                                 42.73   data arrival time

                         10.00   10.00   clock clk (rise edge)
                          4.79   14.79   clock network delay (propagated)
                          0.00   14.79   clock reconvergence pessimism
                                 14.79 ^ _20451_/CLK (sky130_fd_sc_hd__dfxtp_4)
                         -0.80   13.99   library setup time
                                 13.99   data required time
-----------------------------------------------------------------------------
                                 13.99   data required time
                                -42.73   data arrival time
-----------------------------------------------------------------------------
                                -28.74   slack (VIOLATED)


