Startpoint: _19489_ (rising edge-triggered flip-flop clocked by clk)
Endpoint: _20291_ (rising edge-triggered flip-flop clocked by clk)
Path Group: clk
Path Type: max

Fanout     Cap    Slew   Delay    Time   Description
-----------------------------------------------------------------------------
                          0.00    0.00   clock clk (rise edge)
                          0.76    0.76   clock network delay (propagated)
                  0.03    0.00    0.76 ^ _19489_/CLK (sky130_fd_sc_hd__dfxtp_4)
                  0.07    0.25    1.01 ^ _19489_/Q (sky130_fd_sc_hd__dfxtp_4)
     5    0.03                           CPU_src2_value_a3[7] (net)
                  0.07    0.01    1.01 ^ _11979_/A (sky130_fd_sc_hd__or2_4)
                  0.03    0.09    1.10 ^ _11979_/X (sky130_fd_sc_hd__or2_4)
     2    0.01                           _06447_ (net)
                  0.03    0.00    1.10 ^ _11987_/B (sky130_fd_sc_hd__and2_4)
                  0.03    0.10    1.20 ^ _11987_/X (sky130_fd_sc_hd__and2_4)
     2    0.01                           _06455_ (net)
                  0.03    0.00    1.20 ^ _11988_/A (sky130_fd_sc_hd__inv_2)
                  0.02    0.02    1.22 v _11988_/Y (sky130_fd_sc_hd__inv_2)
     4    0.01                           _06456_ (net)
                  0.02    0.00    1.22 v _11991_/A (sky130_fd_sc_hd__or2_4)
                  0.03    0.14    1.36 v _11991_/X (sky130_fd_sc_hd__or2_4)
     2    0.01                           _06459_ (net)
                  0.03    0.00    1.36 v _12009_/C (sky130_fd_sc_hd__or4_4)
                  0.06    0.26    1.61 v _12009_/X (sky130_fd_sc_hd__or4_4)
     1    0.00                           _06477_ (net)
                  0.06    0.00    1.61 v _12010_/D (sky130_fd_sc_hd__and4_4)
                  0.05    0.14    1.76 v _12010_/X (sky130_fd_sc_hd__and4_4)
     4    0.03                           _06478_ (net)
                  0.05    0.00    1.76 v _12011_/C (sky130_fd_sc_hd__or3_4)
                  0.05    0.18    1.94 v _12011_/X (sky130_fd_sc_hd__or3_4)
     1    0.00                           _06479_ (net)
                  0.05    0.00    1.94 v _12012_/D (sky130_fd_sc_hd__and4_4)
                  0.04    0.14    2.07 v _12012_/X (sky130_fd_sc_hd__and4_4)
     4    0.02                           _06480_ (net)
                  0.04    0.00    2.07 v _12013_/C (sky130_fd_sc_hd__or3_4)
                  0.05    0.18    2.25 v _12013_/X (sky130_fd_sc_hd__or3_4)
     1    0.00                           _06481_ (net)
                  0.05    0.00    2.25 v _12014_/D (sky130_fd_sc_hd__and4_4)
                  0.04    0.14    2.39 v _12014_/X (sky130_fd_sc_hd__and4_4)
     3    0.02                           _06482_ (net)
                  0.04    0.00    2.39 v _12015_/D (sky130_fd_sc_hd__or4_4)
                  0.06    0.22    2.61 v _12015_/X (sky130_fd_sc_hd__or4_4)
     1    0.00                           _06483_ (net)
                  0.06    0.00    2.61 v _12016_/D (sky130_fd_sc_hd__and4_4)
                  0.04    0.14    2.74 v _12016_/X (sky130_fd_sc_hd__and4_4)
     3    0.02                           _06484_ (net)
                  0.04    0.00    2.74 v _12017_/C (sky130_fd_sc_hd__or3_4)
                  0.04    0.17    2.92 v _12017_/X (sky130_fd_sc_hd__or3_4)
     1    0.00                           _06485_ (net)
                  0.04    0.00    2.92 v _12018_/C (sky130_fd_sc_hd__and3_4)
                  0.04    0.12    3.04 v _12018_/X (sky130_fd_sc_hd__and3_4)
     2    0.02                           _06486_ (net)
                  0.04    0.00    3.04 v _12019_/B (sky130_fd_sc_hd__or2_4)
                  0.03    0.13    3.17 v _12019_/X (sky130_fd_sc_hd__or2_4)
     2    0.01                           _06487_ (net)
                  0.03    0.00    3.17 v _12020_/B1 (sky130_fd_sc_hd__o21a_4)
                  0.03    0.08    3.24 v _12020_/X (sky130_fd_sc_hd__o21a_4)
     2    0.01                           _06488_ (net)
                  0.03    0.00    3.24 v _12032_/A1 (sky130_fd_sc_hd__o21a_4)
                  0.03    0.12    3.36 v _12032_/X (sky130_fd_sc_hd__o21a_4)
     1    0.00                           _06500_ (net)
                  0.03    0.00    3.36 v _12033_/B2 (sky130_fd_sc_hd__a32o_4)
                  0.04    0.11    3.47 v _12033_/X (sky130_fd_sc_hd__a32o_4)
     3    0.02                           _06501_ (net)
                  0.04    0.00    3.47 v _12034_/B2 (sky130_fd_sc_hd__o22a_4)
                  0.03    0.10    3.57 v _12034_/X (sky130_fd_sc_hd__o22a_4)
     1    0.01                           _06502_ (net)
                  0.03    0.00    3.57 v _12035_/A (sky130_fd_sc_hd__inv_2)
                  0.13    0.10    3.67 ^ _12035_/Y (sky130_fd_sc_hd__inv_2)
     6    0.04                           _06503_ (net)
                  0.13    0.01    3.68 ^ _13296_/A (sky130_fd_sc_hd__buf_2)
                  0.11    0.15    3.83 ^ _13296_/X (sky130_fd_sc_hd__buf_2)
     6    0.04                           _07535_ (net)
                  0.11    0.00    3.83 ^ _13917_/A1 (sky130_fd_sc_hd__a211o_4)
                  0.03    0.10    3.93 ^ _13917_/X (sky130_fd_sc_hd__a211o_4)
     1    0.01                           _07996_ (net)
                  0.03    0.00    3.93 ^ _13918_/A (sky130_fd_sc_hd__inv_2)
                  0.01    0.01    3.94 v _13918_/Y (sky130_fd_sc_hd__inv_2)
     1    0.00                           _00621_ (net)
                  0.01    0.00    3.94 v _20291_/D (sky130_fd_sc_hd__dfxtp_4)
                                  3.94   data arrival time

                         10.00   10.00   clock clk (rise edge)
                          6.45   16.45   clock network delay (propagated)
                          0.35   16.80   clock reconvergence pessimism
                                 16.80 ^ _20291_/CLK (sky130_fd_sc_hd__dfxtp_4)
                          0.00   16.80   library setup time
                                 16.80   data required time
-----------------------------------------------------------------------------
                                 16.80   data required time
                                 -3.94   data arrival time
-----------------------------------------------------------------------------
                                 12.86   slack (MET)


