Startpoint: _19483_ (rising edge-triggered flip-flop clocked by clk)
Endpoint: _19843_ (rising edge-triggered flip-flop clocked by clk)
Path Group: clk
Path Type: max

Fanout     Cap    Slew   Delay    Time   Description
-----------------------------------------------------------------------------
                  0.00    0.00    0.00   clock clk (rise edge)
                          0.00    0.00   clock network delay (ideal)
                  0.00    0.00    0.00 ^ _19483_/CLK (sky130_fd_sc_hd__dfxtp_4)
                  0.05    0.31    0.31 ^ _19483_/Q (sky130_fd_sc_hd__dfxtp_4)
     3    0.01                           CPU_src2_value_a3[1] (net)
                  0.05    0.00    0.31 ^ _12000_/A (sky130_fd_sc_hd__inv_2)
                  0.03    0.04    0.35 v _12000_/Y (sky130_fd_sc_hd__inv_2)
     3    0.01                           _06468_ (net)
                  0.03    0.00    0.35 v _12003_/A (sky130_fd_sc_hd__or2_4)
                  0.05    0.26    0.61 v _12003_/X (sky130_fd_sc_hd__or2_4)
     2    0.01                           _06471_ (net)
                  0.05    0.00    0.61 v _12004_/B1 (sky130_fd_sc_hd__o21a_4)
                  0.04    0.13    0.74 v _12004_/X (sky130_fd_sc_hd__o21a_4)
     2    0.01                           _06472_ (net)
                  0.04    0.00    0.74 v _12005_/B (sky130_fd_sc_hd__or2_4)
                  0.06    0.25    0.99 v _12005_/X (sky130_fd_sc_hd__or2_4)
     2    0.01                           _06473_ (net)
                  0.06    0.00    0.99 v _12006_/B1 (sky130_fd_sc_hd__o21a_4)
                  0.05    0.13    1.12 v _12006_/X (sky130_fd_sc_hd__o21a_4)
     3    0.02                           _06474_ (net)
                  0.05    0.00    1.12 v _12007_/B2 (sky130_fd_sc_hd__o22a_4)
                  0.05    0.22    1.34 v _12007_/X (sky130_fd_sc_hd__o22a_4)
     3    0.02                           _06475_ (net)
                  0.05    0.00    1.34 v _12008_/B2 (sky130_fd_sc_hd__o22a_4)
                  0.05    0.21    1.55 v _12008_/X (sky130_fd_sc_hd__o22a_4)
     3    0.01                           _06476_ (net)
                  0.05    0.00    1.55 v _12009_/D (sky130_fd_sc_hd__or4_4)
                  0.09    0.45    2.00 v _12009_/X (sky130_fd_sc_hd__or4_4)
     1    0.00                           _06477_ (net)
                  0.09    0.00    2.00 v _12010_/D (sky130_fd_sc_hd__and4_4)
                  0.05    0.24    2.25 v _12010_/X (sky130_fd_sc_hd__and4_4)
     4    0.02                           _06478_ (net)
                  0.05    0.00    2.25 v _12011_/C (sky130_fd_sc_hd__or3_4)
                  0.07    0.35    2.59 v _12011_/X (sky130_fd_sc_hd__or3_4)
     1    0.00                           _06479_ (net)
                  0.07    0.00    2.59 v _12012_/D (sky130_fd_sc_hd__and4_4)
                  0.05    0.23    2.83 v _12012_/X (sky130_fd_sc_hd__and4_4)
     4    0.02                           _06480_ (net)
                  0.05    0.00    2.83 v _12013_/C (sky130_fd_sc_hd__or3_4)
                  0.07    0.35    3.18 v _12013_/X (sky130_fd_sc_hd__or3_4)
     1    0.00                           _06481_ (net)
                  0.07    0.00    3.18 v _12014_/D (sky130_fd_sc_hd__and4_4)
                  0.05    0.23    3.40 v _12014_/X (sky130_fd_sc_hd__and4_4)
     3    0.01                           _06482_ (net)
                  0.05    0.00    3.40 v _12015_/D (sky130_fd_sc_hd__or4_4)
                  0.09    0.45    3.86 v _12015_/X (sky130_fd_sc_hd__or4_4)
     1    0.00                           _06483_ (net)
                  0.09    0.00    3.86 v _12016_/D (sky130_fd_sc_hd__and4_4)
                  0.05    0.24    4.09 v _12016_/X (sky130_fd_sc_hd__and4_4)
     3    0.01                           _06484_ (net)
                  0.05    0.00    4.09 v _12017_/C (sky130_fd_sc_hd__or3_4)
                  0.07    0.35    4.44 v _12017_/X (sky130_fd_sc_hd__or3_4)
     1    0.00                           _06485_ (net)
                  0.07    0.00    4.44 v _12018_/C (sky130_fd_sc_hd__and3_4)
                  0.04    0.21    4.65 v _12018_/X (sky130_fd_sc_hd__and3_4)
     2    0.01                           _06486_ (net)
                  0.04    0.00    4.65 v _12019_/B (sky130_fd_sc_hd__or2_4)
                  0.06    0.25    4.89 v _12019_/X (sky130_fd_sc_hd__or2_4)
     2    0.01                           _06487_ (net)
                  0.06    0.00    4.89 v _12020_/B1 (sky130_fd_sc_hd__o21a_4)
                  0.04    0.13    5.02 v _12020_/X (sky130_fd_sc_hd__o21a_4)
     2    0.01                           _06488_ (net)
                  0.04    0.00    5.02 v _12032_/A1 (sky130_fd_sc_hd__o21a_4)
                  0.03    0.22    5.25 v _12032_/X (sky130_fd_sc_hd__o21a_4)
     1    0.00                           _06500_ (net)
                  0.03    0.00    5.25 v _12033_/B2 (sky130_fd_sc_hd__a32o_4)
                  0.05    0.18    5.42 v _12033_/X (sky130_fd_sc_hd__a32o_4)
     3    0.01                           _06501_ (net)
                  0.05    0.00    5.42 v _12034_/B2 (sky130_fd_sc_hd__o22a_4)
                  0.04    0.19    5.61 v _12034_/X (sky130_fd_sc_hd__o22a_4)
     1    0.00                           _06502_ (net)
                  0.04    0.00    5.61 v _12035_/A (sky130_fd_sc_hd__inv_2)
                  0.08    0.08    5.69 ^ _12035_/Y (sky130_fd_sc_hd__inv_2)
     6    0.01                           _06503_ (net)
                  0.08    0.00    5.69 ^ _15469_/A (sky130_fd_sc_hd__buf_2)
                  0.15    0.19    5.88 ^ _15469_/X (sky130_fd_sc_hd__buf_2)
     6    0.03                           _09132_ (net)
                  0.15    0.00    5.88 ^ _15617_/A1 (sky130_fd_sc_hd__a211o_4)
                  0.03    0.13    6.01 ^ _15617_/X (sky130_fd_sc_hd__a211o_4)
     1    0.00                           _09248_ (net)
                  0.03    0.00    6.01 ^ _15618_/A (sky130_fd_sc_hd__inv_2)
                  0.01    0.02    6.03 v _15618_/Y (sky130_fd_sc_hd__inv_2)
     1    0.00                           _00173_ (net)
                  0.01    0.00    6.03 v _19843_/D (sky130_fd_sc_hd__dfxtp_4)
                                  6.03   data arrival time

                  0.00   10.00   10.00   clock clk (rise edge)
                          0.00   10.00   clock network delay (ideal)
                          0.00   10.00   clock reconvergence pessimism
                                 10.00 ^ _19843_/CLK (sky130_fd_sc_hd__dfxtp_4)
                         -0.12    9.88   library setup time
                                  9.88   data required time
-----------------------------------------------------------------------------
                                  9.88   data required time
                                 -6.03   data arrival time
-----------------------------------------------------------------------------
                                  3.85   slack (MET)


