Startpoint: _19561_ (rising edge-triggered flip-flop clocked by clk)
Endpoint: _19560_ (rising edge-triggered flip-flop clocked by clk)
Path Group: clk
Path Type: min

Fanout     Cap    Slew   Delay    Time   Description
-----------------------------------------------------------------------------
                  0.00    0.00    0.00   clock clk (rise edge)
                          0.00    0.00   clock network delay (ideal)
                  0.00    0.00    0.00 ^ _19561_/CLK (sky130_fd_sc_hd__dfxtp_4)
                  0.02    0.19    0.19 ^ _19561_/Q (sky130_fd_sc_hd__dfxtp_4)
     1    0.00                           CPU_reset_a2 (net)
                  0.02    0.00    0.19 ^ _19560_/D (sky130_fd_sc_hd__dfxtp_4)
                                  0.19   data arrival time

                  0.00    0.00    0.00   clock clk (rise edge)
                          0.00    0.00   clock network delay (ideal)
                          0.00    0.00   clock reconvergence pessimism
                                  0.00 ^ _19560_/CLK (sky130_fd_sc_hd__dfxtp_4)
                         -0.02   -0.02   library hold time
                                 -0.02   data required time
-----------------------------------------------------------------------------
                                 -0.02   data required time
                                 -0.19   data arrival time
-----------------------------------------------------------------------------
                                  0.21   slack (MET)


