Startpoint: _19483_ (rising edge-triggered flip-flop clocked by clk)
Endpoint: _19843_ (rising edge-triggered flip-flop clocked by clk)
Path Group: clk
Path Type: max

Fanout     Cap    Slew   Delay    Time   Description
-----------------------------------------------------------------------------
                  0.00    0.00    0.00   clock clk (rise edge)
                          0.00    0.00   clock network delay (ideal)
                  0.00    0.00    0.00 ^ _19483_/CLK (sky130_fd_sc_hd__dfxtp_4)
                  0.09    0.68    0.68 ^ _19483_/Q (sky130_fd_sc_hd__dfxtp_4)
     3    0.01                           CPU_src2_value_a3[1] (net)
                  0.09    0.00    0.68 ^ _12000_/A (sky130_fd_sc_hd__inv_2)
                  0.06    0.09    0.77 v _12000_/Y (sky130_fd_sc_hd__inv_2)
     3    0.01                           _06468_ (net)
                  0.06    0.00    0.77 v _12003_/A (sky130_fd_sc_hd__or2_4)
                  0.09    0.48    1.24 v _12003_/X (sky130_fd_sc_hd__or2_4)
     2    0.01                           _06471_ (net)
                  0.09    0.00    1.24 v _12004_/B1 (sky130_fd_sc_hd__o21a_4)
                  0.08    0.24    1.48 v _12004_/X (sky130_fd_sc_hd__o21a_4)
     2    0.01                           _06472_ (net)
                  0.08    0.00    1.48 v _12005_/B (sky130_fd_sc_hd__or2_4)
                  0.09    0.45    1.93 v _12005_/X (sky130_fd_sc_hd__or2_4)
     2    0.01                           _06473_ (net)
                  0.09    0.00    1.93 v _12006_/B1 (sky130_fd_sc_hd__o21a_4)
                  0.09    0.25    2.19 v _12006_/X (sky130_fd_sc_hd__o21a_4)
     3    0.02                           _06474_ (net)
                  0.09    0.00    2.19 v _12007_/B2 (sky130_fd_sc_hd__o22a_4)
                  0.11    0.41    2.60 v _12007_/X (sky130_fd_sc_hd__o22a_4)
     3    0.02                           _06475_ (net)
                  0.11    0.00    2.60 v _12008_/B2 (sky130_fd_sc_hd__o22a_4)
                  0.11    0.41    3.01 v _12008_/X (sky130_fd_sc_hd__o22a_4)
     3    0.01                           _06476_ (net)
                  0.11    0.00    3.01 v _12009_/D (sky130_fd_sc_hd__or4_4)
                  0.14    0.82    3.83 v _12009_/X (sky130_fd_sc_hd__or4_4)
     1    0.00                           _06477_ (net)
                  0.14    0.00    3.83 v _12010_/D (sky130_fd_sc_hd__and4_4)
                  0.09    0.41    4.24 v _12010_/X (sky130_fd_sc_hd__and4_4)
     4    0.02                           _06478_ (net)
                  0.09    0.00    4.24 v _12011_/C (sky130_fd_sc_hd__or3_4)
                  0.11    0.63    4.87 v _12011_/X (sky130_fd_sc_hd__or3_4)
     1    0.00                           _06479_ (net)
                  0.11    0.00    4.87 v _12012_/D (sky130_fd_sc_hd__and4_4)
                  0.09    0.40    5.27 v _12012_/X (sky130_fd_sc_hd__and4_4)
     4    0.02                           _06480_ (net)
                  0.09    0.00    5.27 v _12013_/C (sky130_fd_sc_hd__or3_4)
                  0.11    0.63    5.90 v _12013_/X (sky130_fd_sc_hd__or3_4)
     1    0.00                           _06481_ (net)
                  0.11    0.00    5.90 v _12014_/D (sky130_fd_sc_hd__and4_4)
                  0.08    0.39    6.29 v _12014_/X (sky130_fd_sc_hd__and4_4)
     3    0.01                           _06482_ (net)
                  0.08    0.00    6.29 v _12015_/D (sky130_fd_sc_hd__or4_4)
                  0.14    0.81    7.11 v _12015_/X (sky130_fd_sc_hd__or4_4)
     1    0.00                           _06483_ (net)
                  0.14    0.00    7.11 v _12016_/D (sky130_fd_sc_hd__and4_4)
                  0.08    0.40    7.51 v _12016_/X (sky130_fd_sc_hd__and4_4)
     3    0.01                           _06484_ (net)
                  0.08    0.00    7.51 v _12017_/C (sky130_fd_sc_hd__or3_4)
                  0.11    0.63    8.13 v _12017_/X (sky130_fd_sc_hd__or3_4)
     1    0.00                           _06485_ (net)
                  0.11    0.00    8.13 v _12018_/C (sky130_fd_sc_hd__and3_4)
                  0.07    0.36    8.49 v _12018_/X (sky130_fd_sc_hd__and3_4)
     2    0.01                           _06486_ (net)
                  0.07    0.00    8.49 v _12019_/B (sky130_fd_sc_hd__or2_4)
                  0.09    0.45    8.94 v _12019_/X (sky130_fd_sc_hd__or2_4)
     2    0.01                           _06487_ (net)
                  0.09    0.00    8.94 v _12020_/B1 (sky130_fd_sc_hd__o21a_4)
                  0.08    0.24    9.19 v _12020_/X (sky130_fd_sc_hd__o21a_4)
     2    0.01                           _06488_ (net)
                  0.08    0.00    9.19 v _12032_/A1 (sky130_fd_sc_hd__o21a_4)
                  0.06    0.39    9.58 v _12032_/X (sky130_fd_sc_hd__o21a_4)
     1    0.00                           _06500_ (net)
                  0.06    0.00    9.58 v _12033_/B2 (sky130_fd_sc_hd__a32o_4)
                  0.09    0.49   10.07 v _12033_/X (sky130_fd_sc_hd__a32o_4)
     3    0.01                           _06501_ (net)
                  0.09    0.00   10.07 v _12034_/B2 (sky130_fd_sc_hd__o22a_4)
                  0.07    0.36   10.43 v _12034_/X (sky130_fd_sc_hd__o22a_4)
     1    0.00                           _06502_ (net)
                  0.07    0.00   10.43 v _12035_/A (sky130_fd_sc_hd__inv_2)
                  0.11    0.12   10.55 ^ _12035_/Y (sky130_fd_sc_hd__inv_2)
     6    0.01                           _06503_ (net)
                  0.11    0.00   10.55 ^ _15469_/A (sky130_fd_sc_hd__buf_2)
                  0.22    0.32   10.87 ^ _15469_/X (sky130_fd_sc_hd__buf_2)
     6    0.03                           _09132_ (net)
                  0.22    0.00   10.87 ^ _15617_/A1 (sky130_fd_sc_hd__a211o_4)
                  0.06    0.29   11.16 ^ _15617_/X (sky130_fd_sc_hd__a211o_4)
     1    0.00                           _09248_ (net)
                  0.06    0.00   11.16 ^ _15618_/A (sky130_fd_sc_hd__inv_2)
                  0.02    0.04   11.20 v _15618_/Y (sky130_fd_sc_hd__inv_2)
     1    0.00                           _00173_ (net)
                  0.02    0.00   11.20 v _19843_/D (sky130_fd_sc_hd__dfxtp_4)
                                 11.20   data arrival time

                  0.00   10.00   10.00   clock clk (rise edge)
                          0.00   10.00   clock network delay (ideal)
                          0.00   10.00   clock reconvergence pessimism
                                 10.00 ^ _19843_/CLK (sky130_fd_sc_hd__dfxtp_4)
                         -0.27    9.73   library setup time
                                  9.73   data required time
-----------------------------------------------------------------------------
                                  9.73   data required time
                                -11.20   data arrival time
-----------------------------------------------------------------------------
                                 -1.47   slack (VIOLATED)


