Startpoint: _19483_ (rising edge-triggered flip-flop clocked by clk)
Endpoint: _19715_ (rising edge-triggered flip-flop clocked by clk)
Path Group: clk
Path Type: max

Fanout     Cap    Slew   Delay    Time   Description
-----------------------------------------------------------------------------
                  0.00    0.00    0.00   clock clk (rise edge)
                          0.00    0.00   clock network delay (ideal)
                  0.00    0.00    0.00 ^ _19483_/CLK (sky130_fd_sc_hd__dfxtp_4)
                  0.14    1.13    1.13 ^ _19483_/Q (sky130_fd_sc_hd__dfxtp_4)
     3    0.01                           CPU_src2_value_a3[1] (net)
                  0.14    0.00    1.13 ^ _12000_/A (sky130_fd_sc_hd__inv_2)
                  0.05    0.12    1.25 v _12000_/Y (sky130_fd_sc_hd__inv_2)
     3    0.01                           _06468_ (net)
                  0.05    0.00    1.25 v _12003_/A (sky130_fd_sc_hd__or2_4)
                  0.15    0.99    2.23 v _12003_/X (sky130_fd_sc_hd__or2_4)
     2    0.01                           _06471_ (net)
                  0.15    0.00    2.23 v _12004_/B1 (sky130_fd_sc_hd__o21a_4)
                  0.11    0.45    2.68 v _12004_/X (sky130_fd_sc_hd__o21a_4)
     2    0.01                           _06472_ (net)
                  0.11    0.00    2.68 v _12005_/B (sky130_fd_sc_hd__or2_4)
                  0.15    0.96    3.64 v _12005_/X (sky130_fd_sc_hd__or2_4)
     2    0.01                           _06473_ (net)
                  0.15    0.00    3.64 v _12006_/B1 (sky130_fd_sc_hd__o21a_4)
                  0.13    0.47    4.11 v _12006_/X (sky130_fd_sc_hd__o21a_4)
     3    0.02                           _06474_ (net)
                  0.13    0.00    4.11 v _12007_/B2 (sky130_fd_sc_hd__o22a_4)
                  0.15    0.86    4.97 v _12007_/X (sky130_fd_sc_hd__o22a_4)
     3    0.02                           _06475_ (net)
                  0.15    0.00    4.97 v _12008_/B2 (sky130_fd_sc_hd__o22a_4)
                  0.14    0.86    5.83 v _12008_/X (sky130_fd_sc_hd__o22a_4)
     3    0.01                           _06476_ (net)
                  0.14    0.00    5.83 v _12009_/D (sky130_fd_sc_hd__or4_4)
                  0.30    2.07    7.90 v _12009_/X (sky130_fd_sc_hd__or4_4)
     1    0.00                           _06477_ (net)
                  0.30    0.00    7.90 v _12010_/D (sky130_fd_sc_hd__and4_4)
                  0.12    0.88    8.78 v _12010_/X (sky130_fd_sc_hd__and4_4)
     4    0.02                           _06478_ (net)
                  0.12    0.00    8.78 v _12011_/C (sky130_fd_sc_hd__or3_4)
                  0.22    1.52   10.30 v _12011_/X (sky130_fd_sc_hd__or3_4)
     1    0.00                           _06479_ (net)
                  0.22    0.00   10.30 v _12012_/D (sky130_fd_sc_hd__and4_4)
                  0.12    0.82   11.12 v _12012_/X (sky130_fd_sc_hd__and4_4)
     4    0.02                           _06480_ (net)
                  0.12    0.00   11.12 v _12013_/C (sky130_fd_sc_hd__or3_4)
                  0.22    1.52   12.64 v _12013_/X (sky130_fd_sc_hd__or3_4)
     1    0.00                           _06481_ (net)
                  0.22    0.00   12.64 v _12014_/D (sky130_fd_sc_hd__and4_4)
                  0.12    0.81   13.45 v _12014_/X (sky130_fd_sc_hd__and4_4)
     3    0.01                           _06482_ (net)
                  0.12    0.00   13.45 v _12015_/D (sky130_fd_sc_hd__or4_4)
                  0.30    2.06   15.52 v _12015_/X (sky130_fd_sc_hd__or4_4)
     1    0.00                           _06483_ (net)
                  0.30    0.00   15.52 v _12016_/D (sky130_fd_sc_hd__and4_4)
                  0.11    0.86   16.37 v _12016_/X (sky130_fd_sc_hd__and4_4)
     3    0.01                           _06484_ (net)
                  0.11    0.00   16.37 v _12017_/C (sky130_fd_sc_hd__or3_4)
                  0.22    1.51   17.89 v _12017_/X (sky130_fd_sc_hd__or3_4)
     1    0.00                           _06485_ (net)
                  0.22    0.00   17.89 v _12018_/C (sky130_fd_sc_hd__and3_4)
                  0.10    0.75   18.64 v _12018_/X (sky130_fd_sc_hd__and3_4)
     2    0.01                           _06486_ (net)
                  0.10    0.00   18.64 v _12019_/B (sky130_fd_sc_hd__or2_4)
                  0.15    0.96   19.60 v _12019_/X (sky130_fd_sc_hd__or2_4)
     2    0.01                           _06487_ (net)
                  0.15    0.00   19.60 v _12020_/B1 (sky130_fd_sc_hd__o21a_4)
                  0.12    0.45   20.05 v _12020_/X (sky130_fd_sc_hd__o21a_4)
     2    0.01                           _06488_ (net)
                  0.12    0.00   20.05 v _12032_/A1 (sky130_fd_sc_hd__o21a_4)
                  0.09    0.83   20.89 v _12032_/X (sky130_fd_sc_hd__o21a_4)
     1    0.00                           _06500_ (net)
                  0.09    0.00   20.89 v _12033_/B2 (sky130_fd_sc_hd__a32o_4)
                  0.13    0.98   21.86 v _12033_/X (sky130_fd_sc_hd__a32o_4)
     3    0.01                           _06501_ (net)
                  0.13    0.00   21.86 v _12034_/B2 (sky130_fd_sc_hd__o22a_4)
                  0.11    0.80   22.66 v _12034_/X (sky130_fd_sc_hd__o22a_4)
     1    0.00                           _06502_ (net)
                  0.11    0.00   22.66 v _12035_/A (sky130_fd_sc_hd__inv_2)
                  0.19    0.23   22.89 ^ _12035_/Y (sky130_fd_sc_hd__inv_2)
     6    0.01                           _06503_ (net)
                  0.19    0.00   22.89 ^ _15469_/A (sky130_fd_sc_hd__buf_2)
                  0.39    0.53   23.42 ^ _15469_/X (sky130_fd_sc_hd__buf_2)
     6    0.02                           _09132_ (net)
                  0.39    0.00   23.42 ^ _16068_/A1 (sky130_fd_sc_hd__a211o_4)
                  0.08    0.44   23.86 ^ _16068_/X (sky130_fd_sc_hd__a211o_4)
     1    0.00                           _09571_ (net)
                  0.08    0.00   23.86 ^ _16069_/A (sky130_fd_sc_hd__inv_2)
                  0.02    0.06   23.92 v _16069_/Y (sky130_fd_sc_hd__inv_2)
     1    0.00                           _00045_ (net)
                  0.02    0.00   23.92 v _19715_/D (sky130_fd_sc_hd__dfxtp_4)
                                 23.92   data arrival time

                  0.00   10.00   10.00   clock clk (rise edge)
                          0.00   10.00   clock network delay (ideal)
                          0.00   10.00   clock reconvergence pessimism
                                 10.00 ^ _19715_/CLK (sky130_fd_sc_hd__dfxtp_4)
                         -0.64    9.36   library setup time
                                  9.36   data required time
-----------------------------------------------------------------------------
                                  9.36   data required time
                                -23.92   data arrival time
-----------------------------------------------------------------------------
                                -14.56   slack (VIOLATED)


