Startpoint: _19561_ (rising edge-triggered flip-flop clocked by clk)
Endpoint: _19560_ (rising edge-triggered flip-flop clocked by clk)
Path Group: clk
Path Type: min

Fanout     Cap    Slew   Delay    Time   Description
-----------------------------------------------------------------------------
                  0.00    0.00    0.00   clock clk (rise edge)
                          0.00    0.00   clock network delay (ideal)
                  0.00    0.00    0.00 ^ _19561_/CLK (sky130_fd_sc_hd__dfxtp_4)
                  0.05    0.67    0.67 ^ _19561_/Q (sky130_fd_sc_hd__dfxtp_4)
     1    0.00                           CPU_reset_a2 (net)
                  0.05    0.00    0.67 ^ _19560_/D (sky130_fd_sc_hd__dfxtp_4)
                                  0.67   data arrival time

                  0.00    0.00    0.00   clock clk (rise edge)
                          0.00    0.00   clock network delay (ideal)
                          0.00    0.00   clock reconvergence pessimism
                                  0.00 ^ _19560_/CLK (sky130_fd_sc_hd__dfxtp_4)
                         -0.07   -0.07   library hold time
                                 -0.07   data required time
-----------------------------------------------------------------------------
                                 -0.07   data required time
                                 -0.67   data arrival time
-----------------------------------------------------------------------------
                                  0.74   slack (MET)


