Startpoint: _19483_ (rising edge-triggered flip-flop clocked by clk)
Endpoint: _19843_ (rising edge-triggered flip-flop clocked by clk)
Path Group: clk
Path Type: max

Fanout     Cap    Slew   Delay    Time   Description
-----------------------------------------------------------------------------
                  0.00    0.00    0.00   clock clk (rise edge)
                          0.00    0.00   clock network delay (ideal)
                  0.00    0.00    0.00 ^ _19483_/CLK (sky130_fd_sc_hd__dfxtp_4)
                  0.08    0.52    0.52 ^ _19483_/Q (sky130_fd_sc_hd__dfxtp_4)
     3    0.01                           CPU_src2_value_a3[1] (net)
                  0.08    0.00    0.52 ^ _12000_/A (sky130_fd_sc_hd__inv_2)
                  0.04    0.06    0.59 v _12000_/Y (sky130_fd_sc_hd__inv_2)
     3    0.01                           _06468_ (net)
                  0.04    0.00    0.59 v _12003_/A (sky130_fd_sc_hd__or2_4)
                  0.07    0.44    1.02 v _12003_/X (sky130_fd_sc_hd__or2_4)
     2    0.01                           _06471_ (net)
                  0.07    0.00    1.02 v _12004_/B1 (sky130_fd_sc_hd__o21a_4)
                  0.06    0.20    1.23 v _12004_/X (sky130_fd_sc_hd__o21a_4)
     2    0.01                           _06472_ (net)
                  0.06    0.00    1.23 v _12005_/B (sky130_fd_sc_hd__or2_4)
                  0.07    0.42    1.65 v _12005_/X (sky130_fd_sc_hd__or2_4)
     2    0.01                           _06473_ (net)
                  0.07    0.00    1.65 v _12006_/B1 (sky130_fd_sc_hd__o21a_4)
                  0.07    0.22    1.86 v _12006_/X (sky130_fd_sc_hd__o21a_4)
     3    0.02                           _06474_ (net)
                  0.07    0.00    1.86 v _12007_/B2 (sky130_fd_sc_hd__o22a_4)
                  0.08    0.36    2.22 v _12007_/X (sky130_fd_sc_hd__o22a_4)
     3    0.02                           _06475_ (net)
                  0.08    0.00    2.22 v _12008_/B2 (sky130_fd_sc_hd__o22a_4)
                  0.07    0.36    2.58 v _12008_/X (sky130_fd_sc_hd__o22a_4)
     3    0.01                           _06476_ (net)
                  0.07    0.00    2.58 v _12009_/D (sky130_fd_sc_hd__or4_4)
                  0.13    0.80    3.38 v _12009_/X (sky130_fd_sc_hd__or4_4)
     1    0.00                           _06477_ (net)
                  0.13    0.00    3.38 v _12010_/D (sky130_fd_sc_hd__and4_4)
                  0.07    0.38    3.76 v _12010_/X (sky130_fd_sc_hd__and4_4)
     4    0.02                           _06478_ (net)
                  0.07    0.00    3.76 v _12011_/C (sky130_fd_sc_hd__or3_4)
                  0.09    0.61    4.37 v _12011_/X (sky130_fd_sc_hd__or3_4)
     1    0.00                           _06479_ (net)
                  0.09    0.00    4.37 v _12012_/D (sky130_fd_sc_hd__and4_4)
                  0.07    0.37    4.74 v _12012_/X (sky130_fd_sc_hd__and4_4)
     4    0.02                           _06480_ (net)
                  0.07    0.00    4.74 v _12013_/C (sky130_fd_sc_hd__or3_4)
                  0.09    0.61    5.34 v _12013_/X (sky130_fd_sc_hd__or3_4)
     1    0.00                           _06481_ (net)
                  0.09    0.00    5.34 v _12014_/D (sky130_fd_sc_hd__and4_4)
                  0.06    0.36    5.71 v _12014_/X (sky130_fd_sc_hd__and4_4)
     3    0.01                           _06482_ (net)
                  0.06    0.00    5.71 v _12015_/D (sky130_fd_sc_hd__or4_4)
                  0.13    0.79    6.50 v _12015_/X (sky130_fd_sc_hd__or4_4)
     1    0.00                           _06483_ (net)
                  0.13    0.00    6.50 v _12016_/D (sky130_fd_sc_hd__and4_4)
                  0.06    0.38    6.87 v _12016_/X (sky130_fd_sc_hd__and4_4)
     3    0.01                           _06484_ (net)
                  0.06    0.00    6.87 v _12017_/C (sky130_fd_sc_hd__or3_4)
                  0.10    0.60    7.48 v _12017_/X (sky130_fd_sc_hd__or3_4)
     1    0.00                           _06485_ (net)
                  0.10    0.00    7.48 v _12018_/C (sky130_fd_sc_hd__and3_4)
                  0.06    0.33    7.81 v _12018_/X (sky130_fd_sc_hd__and3_4)
     2    0.01                           _06486_ (net)
                  0.06    0.00    7.81 v _12019_/B (sky130_fd_sc_hd__or2_4)
                  0.07    0.42    8.23 v _12019_/X (sky130_fd_sc_hd__or2_4)
     2    0.01                           _06487_ (net)
                  0.07    0.00    8.23 v _12020_/B1 (sky130_fd_sc_hd__o21a_4)
                  0.06    0.21    8.44 v _12020_/X (sky130_fd_sc_hd__o21a_4)
     2    0.01                           _06488_ (net)
                  0.06    0.00    8.44 v _12032_/A1 (sky130_fd_sc_hd__o21a_4)
                  0.05    0.36    8.80 v _12032_/X (sky130_fd_sc_hd__o21a_4)
     1    0.00                           _06500_ (net)
                  0.05    0.00    8.80 v _12033_/B2 (sky130_fd_sc_hd__a32o_4)
                  0.07    0.47    9.27 v _12033_/X (sky130_fd_sc_hd__a32o_4)
     3    0.01                           _06501_ (net)
                  0.07    0.00    9.27 v _12034_/B2 (sky130_fd_sc_hd__o22a_4)
                  0.05    0.33    9.59 v _12034_/X (sky130_fd_sc_hd__o22a_4)
     1    0.00                           _06502_ (net)
                  0.05    0.00    9.59 v _12035_/A (sky130_fd_sc_hd__inv_2)
                  0.10    0.11    9.70 ^ _12035_/Y (sky130_fd_sc_hd__inv_2)
     6    0.01                           _06503_ (net)
                  0.10    0.00    9.70 ^ _15469_/A (sky130_fd_sc_hd__buf_2)
                  0.21    0.28    9.98 ^ _15469_/X (sky130_fd_sc_hd__buf_2)
     6    0.03                           _09132_ (net)
                  0.21    0.00    9.98 ^ _15617_/A1 (sky130_fd_sc_hd__a211o_4)
                  0.04    0.21   10.20 ^ _15617_/X (sky130_fd_sc_hd__a211o_4)
     1    0.00                           _09248_ (net)
                  0.04    0.00   10.20 ^ _15618_/A (sky130_fd_sc_hd__inv_2)
                  0.01    0.03   10.22 v _15618_/Y (sky130_fd_sc_hd__inv_2)
     1    0.00                           _00173_ (net)
                  0.01    0.00   10.22 v _19843_/D (sky130_fd_sc_hd__dfxtp_4)
                                 10.22   data arrival time

                  0.00   10.00   10.00   clock clk (rise edge)
                          0.00   10.00   clock network delay (ideal)
                          0.00   10.00   clock reconvergence pessimism
                                 10.00 ^ _19843_/CLK (sky130_fd_sc_hd__dfxtp_4)
                         -0.22    9.78   library setup time
                                  9.78   data required time
-----------------------------------------------------------------------------
                                  9.78   data required time
                                -10.22   data arrival time
-----------------------------------------------------------------------------
                                 -0.45   slack (VIOLATED)


