Startpoint: _19561_ (rising edge-triggered flip-flop clocked by clk)
Endpoint: _19560_ (rising edge-triggered flip-flop clocked by clk)
Path Group: clk
Path Type: min

Fanout     Cap    Slew   Delay    Time   Description
-----------------------------------------------------------------------------
                  0.00    0.00    0.00   clock clk (rise edge)
                          0.00    0.00   clock network delay (ideal)
                  0.00    0.00    0.00 ^ _19561_/CLK (sky130_fd_sc_hd__dfxtp_4)
                  0.10    1.32    1.32 v _19561_/Q (sky130_fd_sc_hd__dfxtp_4)
     1    0.00                           CPU_reset_a2 (net)
                  0.10    0.00    1.32 v _19560_/D (sky130_fd_sc_hd__dfxtp_4)
                                  1.32   data arrival time

                  0.00    0.00    0.00   clock clk (rise edge)
                          0.00    0.00   clock network delay (ideal)
                          0.00    0.00   clock reconvergence pessimism
                                  0.00 ^ _19560_/CLK (sky130_fd_sc_hd__dfxtp_4)
                         -0.24   -0.24   library hold time
                                 -0.24   data required time
-----------------------------------------------------------------------------
                                 -0.24   data required time
                                 -1.32   data arrival time
-----------------------------------------------------------------------------
                                  1.56   slack (MET)


