Startpoint: _19483_ (rising edge-triggered flip-flop clocked by clk)
Endpoint: _20163_ (rising edge-triggered flip-flop clocked by clk)
Path Group: clk
Path Type: max

Fanout     Cap    Slew   Delay    Time   Description
-----------------------------------------------------------------------------
                          0.00    0.00   clock clk (rise edge)
                          0.89    0.89   clock network delay (propagated)
                  0.12    0.00    0.89 ^ _19483_/CLK (sky130_fd_sc_hd__dfxtp_4)
                  0.05    0.31    1.20 ^ _19483_/Q (sky130_fd_sc_hd__dfxtp_4)
     3    0.01                           CPU_src2_value_a3[1] (net)
                  0.05    0.00    1.20 ^ _12000_/A (sky130_fd_sc_hd__inv_2)
                  0.03    0.04    1.24 v _12000_/Y (sky130_fd_sc_hd__inv_2)
     3    0.01                           _06468_ (net)
                  0.03    0.00    1.24 v _12003_/A (sky130_fd_sc_hd__or2_4)
                  0.05    0.19    1.43 v _12003_/X (sky130_fd_sc_hd__or2_4)
     2    0.01                           _06471_ (net)
                  0.05    0.00    1.43 v _12004_/B1 (sky130_fd_sc_hd__o21a_4)
                  0.04    0.10    1.53 v _12004_/X (sky130_fd_sc_hd__o21a_4)
     2    0.01                           _06472_ (net)
                  0.04    0.00    1.53 v _12005_/B (sky130_fd_sc_hd__or2_4)
                  0.05    0.18    1.71 v _12005_/X (sky130_fd_sc_hd__or2_4)
     2    0.01                           _06473_ (net)
                  0.05    0.00    1.71 v _12006_/B1 (sky130_fd_sc_hd__o21a_4)
                  0.05    0.11    1.81 v _12006_/X (sky130_fd_sc_hd__o21a_4)
     3    0.02                           _06474_ (net)
                  0.05    0.00    1.81 v _12007_/B2 (sky130_fd_sc_hd__o22a_4)
                  0.05    0.16    1.97 v _12007_/X (sky130_fd_sc_hd__o22a_4)
     3    0.02                           _06475_ (net)
                  0.05    0.00    1.97 v _12008_/B2 (sky130_fd_sc_hd__o22a_4)
                  0.05    0.16    2.12 v _12008_/X (sky130_fd_sc_hd__o22a_4)
     3    0.01                           _06476_ (net)
                  0.05    0.00    2.12 v _12009_/D (sky130_fd_sc_hd__or4_4)
                  0.07    0.30    2.42 v _12009_/X (sky130_fd_sc_hd__or4_4)
     1    0.00                           _06477_ (net)
                  0.07    0.00    2.42 v _12010_/D (sky130_fd_sc_hd__and4_4)
                  0.05    0.18    2.60 v _12010_/X (sky130_fd_sc_hd__and4_4)
     4    0.02                           _06478_ (net)
                  0.05    0.00    2.60 v _12011_/C (sky130_fd_sc_hd__or3_4)
                  0.05    0.23    2.83 v _12011_/X (sky130_fd_sc_hd__or3_4)
     1    0.00                           _06479_ (net)
                  0.05    0.00    2.83 v _12012_/D (sky130_fd_sc_hd__and4_4)
                  0.05    0.17    3.00 v _12012_/X (sky130_fd_sc_hd__and4_4)
     4    0.02                           _06480_ (net)
                  0.05    0.00    3.00 v _12013_/C (sky130_fd_sc_hd__or3_4)
                  0.05    0.23    3.24 v _12013_/X (sky130_fd_sc_hd__or3_4)
     1    0.00                           _06481_ (net)
                  0.05    0.00    3.24 v _12014_/D (sky130_fd_sc_hd__and4_4)
                  0.05    0.17    3.41 v _12014_/X (sky130_fd_sc_hd__and4_4)
     3    0.01                           _06482_ (net)
                  0.05    0.00    3.41 v _12015_/D (sky130_fd_sc_hd__or4_4)
                  0.07    0.30    3.70 v _12015_/X (sky130_fd_sc_hd__or4_4)
     1    0.00                           _06483_ (net)
                  0.07    0.00    3.70 v _12016_/D (sky130_fd_sc_hd__and4_4)
                  0.04    0.17    3.87 v _12016_/X (sky130_fd_sc_hd__and4_4)
     3    0.01                           _06484_ (net)
                  0.04    0.00    3.87 v _12017_/C (sky130_fd_sc_hd__or3_4)
                  0.05    0.23    4.10 v _12017_/X (sky130_fd_sc_hd__or3_4)
     1    0.00                           _06485_ (net)
                  0.05    0.00    4.10 v _12018_/C (sky130_fd_sc_hd__and3_4)
                  0.04    0.15    4.25 v _12018_/X (sky130_fd_sc_hd__and3_4)
     2    0.01                           _06486_ (net)
                  0.04    0.00    4.25 v _12019_/B (sky130_fd_sc_hd__or2_4)
                  0.05    0.18    4.43 v _12019_/X (sky130_fd_sc_hd__or2_4)
     2    0.01                           _06487_ (net)
                  0.05    0.00    4.43 v _12020_/B1 (sky130_fd_sc_hd__o21a_4)
                  0.04    0.10    4.53 v _12020_/X (sky130_fd_sc_hd__o21a_4)
     2    0.01                           _06488_ (net)
                  0.04    0.00    4.53 v _12032_/A1 (sky130_fd_sc_hd__o21a_4)
                  0.03    0.16    4.69 v _12032_/X (sky130_fd_sc_hd__o21a_4)
     1    0.00                           _06500_ (net)
                  0.03    0.00    4.69 v _12033_/B2 (sky130_fd_sc_hd__a32o_4)
                  0.05    0.14    4.83 v _12033_/X (sky130_fd_sc_hd__a32o_4)
     3    0.01                           _06501_ (net)
                  0.05    0.00    4.83 v _12034_/B2 (sky130_fd_sc_hd__o22a_4)
                  0.03    0.13    4.96 v _12034_/X (sky130_fd_sc_hd__o22a_4)
     1    0.00                           _06502_ (net)
                  0.03    0.00    4.96 v _12035_/A (sky130_fd_sc_hd__inv_2)
                  0.06    0.06    5.02 ^ _12035_/Y (sky130_fd_sc_hd__inv_2)
     6    0.01                           _06503_ (net)
                  0.06    0.00    5.02 ^ _14025_/A (sky130_fd_sc_hd__buf_2)
                  0.12    0.16    5.18 ^ _14025_/X (sky130_fd_sc_hd__buf_2)
     6    0.03                           _08072_ (net)
                  0.12    0.00    5.18 ^ _14418_/A1 (sky130_fd_sc_hd__a211o_4)
                  0.03    0.12    5.29 ^ _14418_/X (sky130_fd_sc_hd__a211o_4)
     1    0.00                           _08369_ (net)
                  0.03    0.00    5.29 ^ _14419_/A (sky130_fd_sc_hd__inv_2)
                  0.01    0.02    5.31 v _14419_/Y (sky130_fd_sc_hd__inv_2)
     1    0.00                           _00493_ (net)
                  0.01    0.00    5.31 v _20163_/D (sky130_fd_sc_hd__dfxtp_4)
                                  5.31   data arrival time

                         10.00   10.00   clock clk (rise edge)
                          0.88   10.88   clock network delay (propagated)
                          0.00   10.88   clock reconvergence pessimism
                                 10.88 ^ _20163_/CLK (sky130_fd_sc_hd__dfxtp_4)
                         -0.06   10.82   library setup time
                                 10.82   data required time
-----------------------------------------------------------------------------
                                 10.82   data required time
                                 -5.31   data arrival time
-----------------------------------------------------------------------------
                                  5.51   slack (MET)


