Startpoint: _19483_ (rising edge-triggered flip-flop clocked by clk)
Endpoint: _20163_ (rising edge-triggered flip-flop clocked by clk)
Path Group: clk
Path Type: max

Fanout     Cap    Slew   Delay    Time   Description
-----------------------------------------------------------------------------
                          0.00    0.00   clock clk (rise edge)
                          0.95    0.95   clock network delay (propagated)
                  0.14    0.00    0.95 ^ _19483_/CLK (sky130_fd_sc_hd__dfxtp_4)
                  0.05    0.32    1.27 ^ _19483_/Q (sky130_fd_sc_hd__dfxtp_4)
     3    0.01                           CPU_src2_value_a3[1] (net)
                  0.05    0.00    1.27 ^ _12000_/A (sky130_fd_sc_hd__inv_2)
                  0.03    0.04    1.30 v _12000_/Y (sky130_fd_sc_hd__inv_2)
     3    0.01                           _06468_ (net)
                  0.03    0.00    1.30 v _12003_/A (sky130_fd_sc_hd__or2_4)
                  0.05    0.22    1.53 v _12003_/X (sky130_fd_sc_hd__or2_4)
     2    0.01                           _06471_ (net)
                  0.05    0.00    1.53 v _12004_/B1 (sky130_fd_sc_hd__o21a_4)
                  0.04    0.11    1.64 v _12004_/X (sky130_fd_sc_hd__o21a_4)
     2    0.01                           _06472_ (net)
                  0.04    0.00    1.64 v _12005_/B (sky130_fd_sc_hd__or2_4)
                  0.05    0.21    1.85 v _12005_/X (sky130_fd_sc_hd__or2_4)
     2    0.01                           _06473_ (net)
                  0.05    0.00    1.85 v _12006_/B1 (sky130_fd_sc_hd__o21a_4)
                  0.05    0.12    1.97 v _12006_/X (sky130_fd_sc_hd__o21a_4)
     3    0.02                           _06474_ (net)
                  0.05    0.00    1.97 v _12007_/B2 (sky130_fd_sc_hd__o22a_4)
                  0.05    0.19    2.15 v _12007_/X (sky130_fd_sc_hd__o22a_4)
     3    0.02                           _06475_ (net)
                  0.05    0.00    2.15 v _12008_/B2 (sky130_fd_sc_hd__o22a_4)
                  0.05    0.18    2.34 v _12008_/X (sky130_fd_sc_hd__o22a_4)
     3    0.01                           _06476_ (net)
                  0.05    0.00    2.34 v _12009_/D (sky130_fd_sc_hd__or4_4)
                  0.08    0.37    2.71 v _12009_/X (sky130_fd_sc_hd__or4_4)
     1    0.00                           _06477_ (net)
                  0.08    0.00    2.71 v _12010_/D (sky130_fd_sc_hd__and4_4)
                  0.05    0.21    2.92 v _12010_/X (sky130_fd_sc_hd__and4_4)
     4    0.02                           _06478_ (net)
                  0.05    0.00    2.92 v _12011_/C (sky130_fd_sc_hd__or3_4)
                  0.06    0.29    3.21 v _12011_/X (sky130_fd_sc_hd__or3_4)
     1    0.00                           _06479_ (net)
                  0.06    0.00    3.21 v _12012_/D (sky130_fd_sc_hd__and4_4)
                  0.05    0.20    3.41 v _12012_/X (sky130_fd_sc_hd__and4_4)
     4    0.02                           _06480_ (net)
                  0.05    0.00    3.41 v _12013_/C (sky130_fd_sc_hd__or3_4)
                  0.06    0.29    3.70 v _12013_/X (sky130_fd_sc_hd__or3_4)
     1    0.00                           _06481_ (net)
                  0.06    0.00    3.70 v _12014_/D (sky130_fd_sc_hd__and4_4)
                  0.04    0.20    3.90 v _12014_/X (sky130_fd_sc_hd__and4_4)
     3    0.01                           _06482_ (net)
                  0.04    0.00    3.90 v _12015_/D (sky130_fd_sc_hd__or4_4)
                  0.08    0.37    4.27 v _12015_/X (sky130_fd_sc_hd__or4_4)
     1    0.00                           _06483_ (net)
                  0.08    0.00    4.27 v _12016_/D (sky130_fd_sc_hd__and4_4)
                  0.04    0.20    4.47 v _12016_/X (sky130_fd_sc_hd__and4_4)
     3    0.01                           _06484_ (net)
                  0.04    0.00    4.47 v _12017_/C (sky130_fd_sc_hd__or3_4)
                  0.06    0.29    4.76 v _12017_/X (sky130_fd_sc_hd__or3_4)
     1    0.00                           _06485_ (net)
                  0.06    0.00    4.76 v _12018_/C (sky130_fd_sc_hd__and3_4)
                  0.04    0.18    4.94 v _12018_/X (sky130_fd_sc_hd__and3_4)
     2    0.01                           _06486_ (net)
                  0.04    0.00    4.94 v _12019_/B (sky130_fd_sc_hd__or2_4)
                  0.05    0.21    5.15 v _12019_/X (sky130_fd_sc_hd__or2_4)
     2    0.01                           _06487_ (net)
                  0.05    0.00    5.15 v _12020_/B1 (sky130_fd_sc_hd__o21a_4)
                  0.04    0.11    5.26 v _12020_/X (sky130_fd_sc_hd__o21a_4)
     2    0.01                           _06488_ (net)
                  0.04    0.00    5.26 v _12032_/A1 (sky130_fd_sc_hd__o21a_4)
                  0.03    0.19    5.45 v _12032_/X (sky130_fd_sc_hd__o21a_4)
     1    0.00                           _06500_ (net)
                  0.03    0.00    5.45 v _12033_/B2 (sky130_fd_sc_hd__a32o_4)
                  0.04    0.15    5.61 v _12033_/X (sky130_fd_sc_hd__a32o_4)
     3    0.01                           _06501_ (net)
                  0.04    0.00    5.61 v _12034_/B2 (sky130_fd_sc_hd__o22a_4)
                  0.03    0.16    5.77 v _12034_/X (sky130_fd_sc_hd__o22a_4)
     1    0.00                           _06502_ (net)
                  0.03    0.00    5.77 v _12035_/A (sky130_fd_sc_hd__inv_2)
                  0.07    0.07    5.84 ^ _12035_/Y (sky130_fd_sc_hd__inv_2)
     6    0.01                           _06503_ (net)
                  0.07    0.00    5.84 ^ _14025_/A (sky130_fd_sc_hd__buf_2)
                  0.13    0.17    6.01 ^ _14025_/X (sky130_fd_sc_hd__buf_2)
     6    0.03                           _08072_ (net)
                  0.13    0.00    6.01 ^ _14418_/A1 (sky130_fd_sc_hd__a211o_4)
                  0.03    0.12    6.12 ^ _14418_/X (sky130_fd_sc_hd__a211o_4)
     1    0.00                           _08369_ (net)
                  0.03    0.00    6.12 ^ _14419_/A (sky130_fd_sc_hd__inv_2)
                  0.01    0.02    6.14 v _14419_/Y (sky130_fd_sc_hd__inv_2)
     1    0.00                           _00493_ (net)
                  0.01    0.00    6.14 v _20163_/D (sky130_fd_sc_hd__dfxtp_4)
                                  6.14   data arrival time

                         10.00   10.00   clock clk (rise edge)
                          0.93   10.93   clock network delay (propagated)
                          0.00   10.93   clock reconvergence pessimism
                                 10.93 ^ _20163_/CLK (sky130_fd_sc_hd__dfxtp_4)
                         -0.08   10.85   library setup time
                                 10.85   data required time
-----------------------------------------------------------------------------
                                 10.85   data required time
                                 -6.14   data arrival time
-----------------------------------------------------------------------------
                                  4.72   slack (MET)


