Startpoint: _19446_ (rising edge-triggered flip-flop clocked by clk)
Endpoint: _19445_ (rising edge-triggered flip-flop clocked by clk)
Path Group: clk
Path Type: min

Fanout     Cap    Slew   Delay    Time   Description
-----------------------------------------------------------------------------
                          0.00    0.00   clock clk (rise edge)
                          0.92    0.92   clock network delay (propagated)
                  0.09    0.00    0.92 ^ _19446_/CLK (sky130_fd_sc_hd__dfxtp_4)
                  0.03    0.29    1.21 ^ _19446_/Q (sky130_fd_sc_hd__dfxtp_4)
     2    0.00                           CPU_valid_taken_br_a4 (net)
                  0.03    0.00    1.21 ^ _19445_/D (sky130_fd_sc_hd__dfxtp_4)
                                  1.21   data arrival time

                          0.00    0.00   clock clk (rise edge)
                          0.97    0.97   clock network delay (propagated)
                          0.00    0.97   clock reconvergence pessimism
                                  0.97 ^ _19445_/CLK (sky130_fd_sc_hd__dfxtp_4)
                         -0.01    0.97   library hold time
                                  0.97   data required time
-----------------------------------------------------------------------------
                                  0.97   data required time
                                 -1.21   data arrival time
-----------------------------------------------------------------------------
                                  0.24   slack (MET)


