Startpoint: _19483_ (rising edge-triggered flip-flop clocked by clk)
Endpoint: _20163_ (rising edge-triggered flip-flop clocked by clk)
Path Group: clk
Path Type: max

Fanout     Cap    Slew   Delay    Time   Description
-----------------------------------------------------------------------------
                          0.00    0.00   clock clk (rise edge)
                          0.72    0.72   clock network delay (propagated)
                  0.11    0.00    0.72 ^ _19483_/CLK (sky130_fd_sc_hd__dfxtp_4)
                  0.04    0.24    0.96 ^ _19483_/Q (sky130_fd_sc_hd__dfxtp_4)
     3    0.01                           CPU_src2_value_a3[1] (net)
                  0.04    0.00    0.96 ^ _12000_/A (sky130_fd_sc_hd__inv_2)
                  0.02    0.03    0.98 v _12000_/Y (sky130_fd_sc_hd__inv_2)
     3    0.01                           _06468_ (net)
                  0.02    0.00    0.98 v _12003_/A (sky130_fd_sc_hd__or2_4)
                  0.04    0.15    1.14 v _12003_/X (sky130_fd_sc_hd__or2_4)
     2    0.01                           _06471_ (net)
                  0.04    0.00    1.14 v _12004_/B1 (sky130_fd_sc_hd__o21a_4)
                  0.03    0.08    1.22 v _12004_/X (sky130_fd_sc_hd__o21a_4)
     2    0.01                           _06472_ (net)
                  0.03    0.00    1.22 v _12005_/B (sky130_fd_sc_hd__or2_4)
                  0.04    0.14    1.36 v _12005_/X (sky130_fd_sc_hd__or2_4)
     2    0.01                           _06473_ (net)
                  0.04    0.00    1.36 v _12006_/B1 (sky130_fd_sc_hd__o21a_4)
                  0.04    0.09    1.45 v _12006_/X (sky130_fd_sc_hd__o21a_4)
     3    0.02                           _06474_ (net)
                  0.04    0.00    1.45 v _12007_/B2 (sky130_fd_sc_hd__o22a_4)
                  0.04    0.13    1.57 v _12007_/X (sky130_fd_sc_hd__o22a_4)
     3    0.02                           _06475_ (net)
                  0.04    0.00    1.57 v _12008_/B2 (sky130_fd_sc_hd__o22a_4)
                  0.04    0.13    1.70 v _12008_/X (sky130_fd_sc_hd__o22a_4)
     3    0.01                           _06476_ (net)
                  0.04    0.00    1.70 v _12009_/D (sky130_fd_sc_hd__or4_4)
                  0.05    0.24    1.94 v _12009_/X (sky130_fd_sc_hd__or4_4)
     1    0.00                           _06477_ (net)
                  0.05    0.00    1.94 v _12010_/D (sky130_fd_sc_hd__and4_4)
                  0.04    0.15    2.08 v _12010_/X (sky130_fd_sc_hd__and4_4)
     4    0.02                           _06478_ (net)
                  0.04    0.00    2.08 v _12011_/C (sky130_fd_sc_hd__or3_4)
                  0.04    0.19    2.27 v _12011_/X (sky130_fd_sc_hd__or3_4)
     1    0.00                           _06479_ (net)
                  0.04    0.00    2.27 v _12012_/D (sky130_fd_sc_hd__and4_4)
                  0.04    0.14    2.42 v _12012_/X (sky130_fd_sc_hd__and4_4)
     4    0.02                           _06480_ (net)
                  0.04    0.00    2.42 v _12013_/C (sky130_fd_sc_hd__or3_4)
                  0.04    0.19    2.60 v _12013_/X (sky130_fd_sc_hd__or3_4)
     1    0.00                           _06481_ (net)
                  0.04    0.00    2.60 v _12014_/D (sky130_fd_sc_hd__and4_4)
                  0.04    0.14    2.74 v _12014_/X (sky130_fd_sc_hd__and4_4)
     3    0.01                           _06482_ (net)
                  0.04    0.00    2.74 v _12015_/D (sky130_fd_sc_hd__or4_4)
                  0.05    0.24    2.98 v _12015_/X (sky130_fd_sc_hd__or4_4)
     1    0.00                           _06483_ (net)
                  0.05    0.00    2.98 v _12016_/D (sky130_fd_sc_hd__and4_4)
                  0.04    0.14    3.12 v _12016_/X (sky130_fd_sc_hd__and4_4)
     3    0.01                           _06484_ (net)
                  0.04    0.00    3.12 v _12017_/C (sky130_fd_sc_hd__or3_4)
                  0.04    0.19    3.31 v _12017_/X (sky130_fd_sc_hd__or3_4)
     1    0.00                           _06485_ (net)
                  0.04    0.00    3.31 v _12018_/C (sky130_fd_sc_hd__and3_4)
                  0.03    0.12    3.43 v _12018_/X (sky130_fd_sc_hd__and3_4)
     2    0.01                           _06486_ (net)
                  0.03    0.00    3.43 v _12019_/B (sky130_fd_sc_hd__or2_4)
                  0.04    0.14    3.58 v _12019_/X (sky130_fd_sc_hd__or2_4)
     2    0.01                           _06487_ (net)
                  0.04    0.00    3.58 v _12020_/B1 (sky130_fd_sc_hd__o21a_4)
                  0.03    0.08    3.66 v _12020_/X (sky130_fd_sc_hd__o21a_4)
     2    0.01                           _06488_ (net)
                  0.03    0.00    3.66 v _12032_/A1 (sky130_fd_sc_hd__o21a_4)
                  0.03    0.13    3.79 v _12032_/X (sky130_fd_sc_hd__o21a_4)
     1    0.00                           _06500_ (net)
                  0.03    0.00    3.79 v _12033_/B2 (sky130_fd_sc_hd__a32o_4)
                  0.04    0.11    3.90 v _12033_/X (sky130_fd_sc_hd__a32o_4)
     3    0.01                           _06501_ (net)
                  0.04    0.00    3.90 v _12034_/B2 (sky130_fd_sc_hd__o22a_4)
                  0.03    0.11    4.01 v _12034_/X (sky130_fd_sc_hd__o22a_4)
     1    0.00                           _06502_ (net)
                  0.03    0.00    4.01 v _12035_/A (sky130_fd_sc_hd__inv_2)
                  0.05    0.05    4.06 ^ _12035_/Y (sky130_fd_sc_hd__inv_2)
     6    0.01                           _06503_ (net)
                  0.05    0.00    4.06 ^ _14025_/A (sky130_fd_sc_hd__buf_2)
                  0.11    0.13    4.19 ^ _14025_/X (sky130_fd_sc_hd__buf_2)
     6    0.03                           _08072_ (net)
                  0.11    0.00    4.19 ^ _14418_/A1 (sky130_fd_sc_hd__a211o_4)
                  0.02    0.08    4.27 ^ _14418_/X (sky130_fd_sc_hd__a211o_4)
     1    0.00                           _08369_ (net)
                  0.02    0.00    4.27 ^ _14419_/A (sky130_fd_sc_hd__inv_2)
                  0.01    0.01    4.29 v _14419_/Y (sky130_fd_sc_hd__inv_2)
     1    0.00                           _00493_ (net)
                  0.01    0.00    4.29 v _20163_/D (sky130_fd_sc_hd__dfxtp_4)
                                  4.29   data arrival time

                         10.00   10.00   clock clk (rise edge)
                          0.71   10.71   clock network delay (propagated)
                          0.00   10.71   clock reconvergence pessimism
                                 10.71 ^ _20163_/CLK (sky130_fd_sc_hd__dfxtp_4)
                         -0.06   10.65   library setup time
                                 10.65   data required time
-----------------------------------------------------------------------------
                                 10.65   data required time
                                 -4.29   data arrival time
-----------------------------------------------------------------------------
                                  6.36   slack (MET)


