Startpoint: _19483_ (rising edge-triggered flip-flop clocked by clk)
Endpoint: _20163_ (rising edge-triggered flip-flop clocked by clk)
Path Group: clk
Path Type: max

Fanout     Cap    Slew   Delay    Time   Description
-----------------------------------------------------------------------------
                          0.00    0.00   clock clk (rise edge)
                          2.73    2.73   clock network delay (propagated)
                  0.29    0.00    2.73 ^ _19483_/CLK (sky130_fd_sc_hd__dfxtp_4)
                  0.12    1.14    3.87 ^ _19483_/Q (sky130_fd_sc_hd__dfxtp_4)
     3    0.01                           CPU_src2_value_a3[1] (net)
                  0.12    0.00    3.87 ^ _12000_/A (sky130_fd_sc_hd__inv_2)
                  0.07    0.12    3.99 v _12000_/Y (sky130_fd_sc_hd__inv_2)
     3    0.01                           _06468_ (net)
                  0.07    0.00    3.99 v _12003_/A (sky130_fd_sc_hd__or2_4)
                  0.13    0.71    4.70 v _12003_/X (sky130_fd_sc_hd__or2_4)
     2    0.01                           _06471_ (net)
                  0.13    0.00    4.70 v _12004_/B1 (sky130_fd_sc_hd__o21a_4)
                  0.10    0.34    5.04 v _12004_/X (sky130_fd_sc_hd__o21a_4)
     2    0.01                           _06472_ (net)
                  0.10    0.00    5.04 v _12005_/B (sky130_fd_sc_hd__or2_4)
                  0.13    0.67    5.71 v _12005_/X (sky130_fd_sc_hd__or2_4)
     2    0.01                           _06473_ (net)
                  0.13    0.00    5.71 v _12006_/B1 (sky130_fd_sc_hd__o21a_4)
                  0.12    0.36    6.07 v _12006_/X (sky130_fd_sc_hd__o21a_4)
     3    0.02                           _06474_ (net)
                  0.12    0.00    6.07 v _12007_/B2 (sky130_fd_sc_hd__o22a_4)
                  0.15    0.61    6.68 v _12007_/X (sky130_fd_sc_hd__o22a_4)
     3    0.02                           _06475_ (net)
                  0.15    0.00    6.68 v _12008_/B2 (sky130_fd_sc_hd__o22a_4)
                  0.14    0.61    7.29 v _12008_/X (sky130_fd_sc_hd__o22a_4)
     3    0.01                           _06476_ (net)
                  0.14    0.00    7.29 v _12009_/D (sky130_fd_sc_hd__or4_4)
                  0.21    1.29    8.58 v _12009_/X (sky130_fd_sc_hd__or4_4)
     1    0.00                           _06477_ (net)
                  0.21    0.00    8.58 v _12010_/D (sky130_fd_sc_hd__and4_4)
                  0.12    0.60    9.18 v _12010_/X (sky130_fd_sc_hd__and4_4)
     4    0.02                           _06478_ (net)
                  0.12    0.00    9.18 v _12011_/C (sky130_fd_sc_hd__or3_4)
                  0.16    0.97   10.15 v _12011_/X (sky130_fd_sc_hd__or3_4)
     1    0.00                           _06479_ (net)
                  0.16    0.00   10.15 v _12012_/D (sky130_fd_sc_hd__and4_4)
                  0.12    0.57   10.73 v _12012_/X (sky130_fd_sc_hd__and4_4)
     4    0.02                           _06480_ (net)
                  0.12    0.00   10.73 v _12013_/C (sky130_fd_sc_hd__or3_4)
                  0.16    0.97   11.70 v _12013_/X (sky130_fd_sc_hd__or3_4)
     1    0.00                           _06481_ (net)
                  0.16    0.00   11.70 v _12014_/D (sky130_fd_sc_hd__and4_4)
                  0.11    0.56   12.26 v _12014_/X (sky130_fd_sc_hd__and4_4)
     3    0.01                           _06482_ (net)
                  0.11    0.00   12.26 v _12015_/D (sky130_fd_sc_hd__or4_4)
                  0.21    1.27   13.53 v _12015_/X (sky130_fd_sc_hd__or4_4)
     1    0.00                           _06483_ (net)
                  0.21    0.00   13.53 v _12016_/D (sky130_fd_sc_hd__and4_4)
                  0.10    0.59   14.12 v _12016_/X (sky130_fd_sc_hd__and4_4)
     3    0.01                           _06484_ (net)
                  0.10    0.00   14.12 v _12017_/C (sky130_fd_sc_hd__or3_4)
                  0.16    0.97   15.09 v _12017_/X (sky130_fd_sc_hd__or3_4)
     1    0.00                           _06485_ (net)
                  0.16    0.00   15.09 v _12018_/C (sky130_fd_sc_hd__and3_4)
                  0.09    0.52   15.61 v _12018_/X (sky130_fd_sc_hd__and3_4)
     2    0.01                           _06486_ (net)
                  0.09    0.00   15.61 v _12019_/B (sky130_fd_sc_hd__or2_4)
                  0.13    0.67   16.28 v _12019_/X (sky130_fd_sc_hd__or2_4)
     2    0.01                           _06487_ (net)
                  0.13    0.00   16.28 v _12020_/B1 (sky130_fd_sc_hd__o21a_4)
                  0.11    0.35   16.63 v _12020_/X (sky130_fd_sc_hd__o21a_4)
     2    0.01                           _06488_ (net)
                  0.11    0.00   16.63 v _12032_/A1 (sky130_fd_sc_hd__o21a_4)
                  0.08    0.57   17.20 v _12032_/X (sky130_fd_sc_hd__o21a_4)
     1    0.00                           _06500_ (net)
                  0.08    0.00   17.20 v _12033_/B2 (sky130_fd_sc_hd__a32o_4)
                  0.12    0.69   17.89 v _12033_/X (sky130_fd_sc_hd__a32o_4)
     3    0.01                           _06501_ (net)
                  0.12    0.00   17.89 v _12034_/B2 (sky130_fd_sc_hd__o22a_4)
                  0.10    0.54   18.43 v _12034_/X (sky130_fd_sc_hd__o22a_4)
     1    0.00                           _06502_ (net)
                  0.10    0.00   18.43 v _12035_/A (sky130_fd_sc_hd__inv_2)
                  0.14    0.17   18.60 ^ _12035_/Y (sky130_fd_sc_hd__inv_2)
     6    0.01                           _06503_ (net)
                  0.14    0.00   18.60 ^ _14025_/A (sky130_fd_sc_hd__buf_2)
                  0.29    0.44   19.04 ^ _14025_/X (sky130_fd_sc_hd__buf_2)
     6    0.03                           _08072_ (net)
                  0.29    0.00   19.04 ^ _14418_/A1 (sky130_fd_sc_hd__a211o_4)
                  0.07    0.40   19.44 ^ _14418_/X (sky130_fd_sc_hd__a211o_4)
     1    0.00                           _08369_ (net)
                  0.07    0.00   19.44 ^ _14419_/A (sky130_fd_sc_hd__inv_2)
                  0.02    0.06   19.50 v _14419_/Y (sky130_fd_sc_hd__inv_2)
     1    0.00                           _00493_ (net)
                  0.02    0.00   19.50 v _20163_/D (sky130_fd_sc_hd__dfxtp_4)
                                 19.50   data arrival time

                         10.00   10.00   clock clk (rise edge)
                          2.70   12.70   clock network delay (propagated)
                          0.00   12.70   clock reconvergence pessimism
                                 12.70 ^ _20163_/CLK (sky130_fd_sc_hd__dfxtp_4)
                         -0.38   12.32   library setup time
                                 12.32   data required time
-----------------------------------------------------------------------------
                                 12.32   data required time
                                -19.50   data arrival time
-----------------------------------------------------------------------------
                                 -7.18   slack (VIOLATED)


