Startpoint: _19446_ (rising edge-triggered flip-flop clocked by clk)
Endpoint: _19445_ (rising edge-triggered flip-flop clocked by clk)
Path Group: clk
Path Type: min

Fanout     Cap    Slew   Delay    Time   Description
-----------------------------------------------------------------------------
                          0.00    0.00   clock clk (rise edge)
                          1.92    1.92   clock network delay (propagated)
                  0.15    0.00    1.92 ^ _19446_/CLK (sky130_fd_sc_hd__dfxtp_4)
                  0.05    0.68    2.59 v _19446_/Q (sky130_fd_sc_hd__dfxtp_4)
     2    0.00                           CPU_valid_taken_br_a4 (net)
                  0.05    0.00    2.59 v _19445_/D (sky130_fd_sc_hd__dfxtp_4)
                                  2.59   data arrival time

                          0.00    0.00   clock clk (rise edge)
                          2.01    2.01   clock network delay (propagated)
                          0.00    2.01   clock reconvergence pessimism
                                  2.01 ^ _19445_/CLK (sky130_fd_sc_hd__dfxtp_4)
                         -0.04    1.97   library hold time
                                  1.97   data required time
-----------------------------------------------------------------------------
                                  1.97   data required time
                                 -2.59   data arrival time
-----------------------------------------------------------------------------
                                  0.62   slack (MET)


