Startpoint: _19483_ (rising edge-triggered flip-flop clocked by clk)
Endpoint: _20163_ (rising edge-triggered flip-flop clocked by clk)
Path Group: clk
Path Type: max

Fanout     Cap    Slew   Delay    Time   Description
-----------------------------------------------------------------------------
                          0.00    0.00   clock clk (rise edge)
                          6.06    6.06   clock network delay (propagated)
                  0.69    0.00    6.06 ^ _19483_/CLK (sky130_fd_sc_hd__dfxtp_4)
                  0.27    2.72    8.78 ^ _19483_/Q (sky130_fd_sc_hd__dfxtp_4)
     3    0.01                           CPU_src2_value_a3[1] (net)
                  0.27    0.00    8.78 ^ _12000_/A (sky130_fd_sc_hd__inv_2)
                  0.08    0.23    9.01 v _12000_/Y (sky130_fd_sc_hd__inv_2)
     3    0.01                           _06468_ (net)
                  0.08    0.00    9.01 v _12003_/A (sky130_fd_sc_hd__or2_4)
                  0.32    2.11   11.12 v _12003_/X (sky130_fd_sc_hd__or2_4)
     2    0.01                           _06471_ (net)
                  0.32    0.00   11.12 v _12004_/B1 (sky130_fd_sc_hd__o21a_4)
                  0.23    0.97   12.08 v _12004_/X (sky130_fd_sc_hd__o21a_4)
     2    0.01                           _06472_ (net)
                  0.23    0.00   12.08 v _12005_/B (sky130_fd_sc_hd__or2_4)
                  0.32    2.09   14.17 v _12005_/X (sky130_fd_sc_hd__or2_4)
     2    0.01                           _06473_ (net)
                  0.32    0.00   14.17 v _12006_/B1 (sky130_fd_sc_hd__o21a_4)
                  0.25    0.99   15.17 v _12006_/X (sky130_fd_sc_hd__o21a_4)
     3    0.01                           _06474_ (net)
                  0.25    0.00   15.17 v _12007_/B2 (sky130_fd_sc_hd__o22a_4)
                  0.31    2.00   17.16 v _12007_/X (sky130_fd_sc_hd__o22a_4)
     3    0.01                           _06475_ (net)
                  0.31    0.00   17.16 v _12008_/B2 (sky130_fd_sc_hd__o22a_4)
                  0.30    2.02   19.18 v _12008_/X (sky130_fd_sc_hd__o22a_4)
     3    0.01                           _06476_ (net)
                  0.30    0.00   19.18 v _12009_/D (sky130_fd_sc_hd__or4_4)
                  0.72    4.99   24.17 v _12009_/X (sky130_fd_sc_hd__or4_4)
     1    0.00                           _06477_ (net)
                  0.72    0.00   24.17 v _12010_/D (sky130_fd_sc_hd__and4_4)
                  0.24    1.95   26.12 v _12010_/X (sky130_fd_sc_hd__and4_4)
     4    0.01                           _06478_ (net)
                  0.24    0.00   26.12 v _12011_/C (sky130_fd_sc_hd__or3_4)
                  0.50    3.51   29.64 v _12011_/X (sky130_fd_sc_hd__or3_4)
     1    0.00                           _06479_ (net)
                  0.50    0.00   29.64 v _12012_/D (sky130_fd_sc_hd__and4_4)
                  0.24    1.81   31.44 v _12012_/X (sky130_fd_sc_hd__and4_4)
     4    0.01                           _06480_ (net)
                  0.24    0.00   31.44 v _12013_/C (sky130_fd_sc_hd__or3_4)
                  0.50    3.51   34.95 v _12013_/X (sky130_fd_sc_hd__or3_4)
     1    0.00                           _06481_ (net)
                  0.50    0.00   34.95 v _12014_/D (sky130_fd_sc_hd__and4_4)
                  0.24    1.79   36.75 v _12014_/X (sky130_fd_sc_hd__and4_4)
     3    0.01                           _06482_ (net)
                  0.24    0.00   36.75 v _12015_/D (sky130_fd_sc_hd__or4_4)
                  0.72    4.96   41.71 v _12015_/X (sky130_fd_sc_hd__or4_4)
     1    0.00                           _06483_ (net)
                  0.72    0.00   41.71 v _12016_/D (sky130_fd_sc_hd__and4_4)
                  0.23    1.93   43.64 v _12016_/X (sky130_fd_sc_hd__and4_4)
     3    0.01                           _06484_ (net)
                  0.23    0.00   43.64 v _12017_/C (sky130_fd_sc_hd__or3_4)
                  0.50    3.51   47.15 v _12017_/X (sky130_fd_sc_hd__or3_4)
     1    0.00                           _06485_ (net)
                  0.50    0.00   47.15 v _12018_/C (sky130_fd_sc_hd__and3_4)
                  0.21    1.66   48.81 v _12018_/X (sky130_fd_sc_hd__and3_4)
     2    0.01                           _06486_ (net)
                  0.21    0.00   48.81 v _12019_/B (sky130_fd_sc_hd__or2_4)
                  0.32    2.08   50.89 v _12019_/X (sky130_fd_sc_hd__or2_4)
     2    0.01                           _06487_ (net)
                  0.32    0.00   50.89 v _12020_/B1 (sky130_fd_sc_hd__o21a_4)
                  0.24    0.98   51.87 v _12020_/X (sky130_fd_sc_hd__o21a_4)
     2    0.01                           _06488_ (net)
                  0.24    0.00   51.87 v _12032_/A1 (sky130_fd_sc_hd__o21a_4)
                  0.21    1.86   53.72 v _12032_/X (sky130_fd_sc_hd__o21a_4)
     1    0.00                           _06500_ (net)
                  0.21    0.00   53.72 v _12033_/B2 (sky130_fd_sc_hd__a32o_4)
                  0.26    2.00   55.73 v _12033_/X (sky130_fd_sc_hd__a32o_4)
     3    0.01                           _06501_ (net)
                  0.26    0.00   55.73 v _12034_/B2 (sky130_fd_sc_hd__o22a_4)
                  0.25    1.89   57.62 v _12034_/X (sky130_fd_sc_hd__o22a_4)
     1    0.00                           _06502_ (net)
                  0.25    0.00   57.62 v _12035_/A (sky130_fd_sc_hd__inv_2)
                  0.33    0.44   58.06 ^ _12035_/Y (sky130_fd_sc_hd__inv_2)
     6    0.01                           _06503_ (net)
                  0.33    0.00   58.06 ^ _14025_/A (sky130_fd_sc_hd__buf_2)
                  0.71    0.94   59.01 ^ _14025_/X (sky130_fd_sc_hd__buf_2)
     6    0.02                           _08072_ (net)
                  0.71    0.00   59.01 ^ _14418_/A1 (sky130_fd_sc_hd__a211o_4)
                  0.15    0.79   59.80 ^ _14418_/X (sky130_fd_sc_hd__a211o_4)
     1    0.00                           _08369_ (net)
                  0.15    0.00   59.80 ^ _14419_/A (sky130_fd_sc_hd__inv_2)
                  0.03    0.11   59.91 v _14419_/Y (sky130_fd_sc_hd__inv_2)
     1    0.00                           _00493_ (net)
                  0.03    0.00   59.91 v _20163_/D (sky130_fd_sc_hd__dfxtp_4)
                                 59.91   data arrival time

                         10.00   10.00   clock clk (rise edge)
                          5.99   15.99   clock network delay (propagated)
                          0.00   15.99   clock reconvergence pessimism
                                 15.99 ^ _20163_/CLK (sky130_fd_sc_hd__dfxtp_4)
                         -1.20   14.79   library setup time
                                 14.79   data required time
-----------------------------------------------------------------------------
                                 14.79   data required time
                                -59.91   data arrival time
-----------------------------------------------------------------------------
                                -45.12   slack (VIOLATED)


