Startpoint: _19483_ (rising edge-triggered flip-flop clocked by clk)
Endpoint: _20163_ (rising edge-triggered flip-flop clocked by clk)
Path Group: clk
Path Type: max

Fanout     Cap    Slew   Delay    Time   Description
-----------------------------------------------------------------------------
                          0.00    0.00   clock clk (rise edge)
                          2.29    2.29   clock network delay (propagated)
                  0.26    0.00    2.29 ^ _19483_/CLK (sky130_fd_sc_hd__dfxtp_4)
                  0.10    0.85    3.14 ^ _19483_/Q (sky130_fd_sc_hd__dfxtp_4)
     3    0.01                           CPU_src2_value_a3[1] (net)
                  0.10    0.00    3.14 ^ _12000_/A (sky130_fd_sc_hd__inv_2)
                  0.04    0.08    3.23 v _12000_/Y (sky130_fd_sc_hd__inv_2)
     3    0.01                           _06468_ (net)
                  0.04    0.00    3.23 v _12003_/A (sky130_fd_sc_hd__or2_4)
                  0.10    0.61    3.84 v _12003_/X (sky130_fd_sc_hd__or2_4)
     2    0.01                           _06471_ (net)
                  0.10    0.00    3.84 v _12004_/B1 (sky130_fd_sc_hd__o21a_4)
                  0.07    0.28    4.12 v _12004_/X (sky130_fd_sc_hd__o21a_4)
     2    0.01                           _06472_ (net)
                  0.07    0.00    4.12 v _12005_/B (sky130_fd_sc_hd__or2_4)
                  0.10    0.59    4.71 v _12005_/X (sky130_fd_sc_hd__or2_4)
     2    0.01                           _06473_ (net)
                  0.10    0.00    4.71 v _12006_/B1 (sky130_fd_sc_hd__o21a_4)
                  0.09    0.29    5.00 v _12006_/X (sky130_fd_sc_hd__o21a_4)
     3    0.02                           _06474_ (net)
                  0.09    0.00    5.00 v _12007_/B2 (sky130_fd_sc_hd__o22a_4)
                  0.10    0.51    5.51 v _12007_/X (sky130_fd_sc_hd__o22a_4)
     3    0.02                           _06475_ (net)
                  0.10    0.00    5.51 v _12008_/B2 (sky130_fd_sc_hd__o22a_4)
                  0.09    0.51    6.02 v _12008_/X (sky130_fd_sc_hd__o22a_4)
     3    0.01                           _06476_ (net)
                  0.09    0.00    6.02 v _12009_/D (sky130_fd_sc_hd__or4_4)
                  0.18    1.18    7.21 v _12009_/X (sky130_fd_sc_hd__or4_4)
     1    0.00                           _06477_ (net)
                  0.18    0.00    7.21 v _12010_/D (sky130_fd_sc_hd__and4_4)
                  0.08    0.54    7.75 v _12010_/X (sky130_fd_sc_hd__and4_4)
     4    0.02                           _06478_ (net)
                  0.08    0.00    7.75 v _12011_/C (sky130_fd_sc_hd__or3_4)
                  0.13    0.89    8.63 v _12011_/X (sky130_fd_sc_hd__or3_4)
     1    0.00                           _06479_ (net)
                  0.13    0.00    8.63 v _12012_/D (sky130_fd_sc_hd__and4_4)
                  0.08    0.51    9.14 v _12012_/X (sky130_fd_sc_hd__and4_4)
     4    0.02                           _06480_ (net)
                  0.08    0.00    9.14 v _12013_/C (sky130_fd_sc_hd__or3_4)
                  0.13    0.89   10.03 v _12013_/X (sky130_fd_sc_hd__or3_4)
     1    0.00                           _06481_ (net)
                  0.13    0.00   10.03 v _12014_/D (sky130_fd_sc_hd__and4_4)
                  0.08    0.50   10.53 v _12014_/X (sky130_fd_sc_hd__and4_4)
     3    0.01                           _06482_ (net)
                  0.08    0.00   10.53 v _12015_/D (sky130_fd_sc_hd__or4_4)
                  0.18    1.18   11.71 v _12015_/X (sky130_fd_sc_hd__or4_4)
     1    0.00                           _06483_ (net)
                  0.18    0.00   11.71 v _12016_/D (sky130_fd_sc_hd__and4_4)
                  0.08    0.52   12.23 v _12016_/X (sky130_fd_sc_hd__and4_4)
     3    0.01                           _06484_ (net)
                  0.08    0.00   12.23 v _12017_/C (sky130_fd_sc_hd__or3_4)
                  0.13    0.88   13.12 v _12017_/X (sky130_fd_sc_hd__or3_4)
     1    0.00                           _06485_ (net)
                  0.13    0.00   13.12 v _12018_/C (sky130_fd_sc_hd__and3_4)
                  0.07    0.46   13.58 v _12018_/X (sky130_fd_sc_hd__and3_4)
     2    0.01                           _06486_ (net)
                  0.07    0.00   13.58 v _12019_/B (sky130_fd_sc_hd__or2_4)
                  0.10    0.59   14.17 v _12019_/X (sky130_fd_sc_hd__or2_4)
     2    0.01                           _06487_ (net)
                  0.10    0.00   14.17 v _12020_/B1 (sky130_fd_sc_hd__o21a_4)
                  0.08    0.29   14.46 v _12020_/X (sky130_fd_sc_hd__o21a_4)
     2    0.01                           _06488_ (net)
                  0.08    0.00   14.46 v _12032_/A1 (sky130_fd_sc_hd__o21a_4)
                  0.06    0.51   14.96 v _12032_/X (sky130_fd_sc_hd__o21a_4)
     1    0.00                           _06500_ (net)
                  0.06    0.00   14.96 v _12033_/B2 (sky130_fd_sc_hd__a32o_4)
                  0.09    0.63   15.59 v _12033_/X (sky130_fd_sc_hd__a32o_4)
     3    0.01                           _06501_ (net)
                  0.09    0.00   15.59 v _12034_/B2 (sky130_fd_sc_hd__o22a_4)
                  0.07    0.47   16.06 v _12034_/X (sky130_fd_sc_hd__o22a_4)
     1    0.00                           _06502_ (net)
                  0.07    0.00   16.06 v _12035_/A (sky130_fd_sc_hd__inv_2)
                  0.13    0.15   16.21 ^ _12035_/Y (sky130_fd_sc_hd__inv_2)
     6    0.01                           _06503_ (net)
                  0.13    0.00   16.21 ^ _14025_/A (sky130_fd_sc_hd__buf_2)
                  0.27    0.36   16.57 ^ _14025_/X (sky130_fd_sc_hd__buf_2)
     6    0.02                           _08072_ (net)
                  0.27    0.00   16.57 ^ _14418_/A1 (sky130_fd_sc_hd__a211o_4)
                  0.05    0.28   16.86 ^ _14418_/X (sky130_fd_sc_hd__a211o_4)
     1    0.00                           _08369_ (net)
                  0.05    0.00   16.86 ^ _14419_/A (sky130_fd_sc_hd__inv_2)
                  0.01    0.04   16.89 v _14419_/Y (sky130_fd_sc_hd__inv_2)
     1    0.00                           _00493_ (net)
                  0.01    0.00   16.89 v _20163_/D (sky130_fd_sc_hd__dfxtp_4)
                                 16.89   data arrival time

                         10.00   10.00   clock clk (rise edge)
                          2.26   12.26   clock network delay (propagated)
                          0.00   12.26   clock reconvergence pessimism
                                 12.26 ^ _20163_/CLK (sky130_fd_sc_hd__dfxtp_4)
                         -0.27   11.99   library setup time
                                 11.99   data required time
-----------------------------------------------------------------------------
                                 11.99   data required time
                                -16.89   data arrival time
-----------------------------------------------------------------------------
                                 -4.90   slack (VIOLATED)


