Startpoint: _19446_ (rising edge-triggered flip-flop clocked by clk)
Endpoint: _19445_ (rising edge-triggered flip-flop clocked by clk)
Path Group: clk
Path Type: min

Fanout     Cap    Slew   Delay    Time   Description
-----------------------------------------------------------------------------
                          0.00    0.00   clock clk (rise edge)
                          2.23    2.23   clock network delay (propagated)
                  0.19    0.00    2.23 ^ _19446_/CLK (sky130_fd_sc_hd__dfxtp_4)
                  0.05    0.75    2.98 v _19446_/Q (sky130_fd_sc_hd__dfxtp_4)
     2    0.00                           CPU_valid_taken_br_a4 (net)
                  0.05    0.00    2.98 v _19445_/D (sky130_fd_sc_hd__dfxtp_4)
                                  2.98   data arrival time

                          0.00    0.00   clock clk (rise edge)
                          2.35    2.35   clock network delay (propagated)
                          0.00    2.35   clock reconvergence pessimism
                                  2.35 ^ _19445_/CLK (sky130_fd_sc_hd__dfxtp_4)
                         -0.02    2.34   library hold time
                                  2.34   data required time
-----------------------------------------------------------------------------
                                  2.34   data required time
                                 -2.98   data arrival time
-----------------------------------------------------------------------------
                                  0.64   slack (MET)


