Startpoint: _19446_ (rising edge-triggered flip-flop clocked by clk)
Endpoint: _19445_ (rising edge-triggered flip-flop clocked by clk)
Path Group: clk
Path Type: min

Fanout     Cap    Slew   Delay    Time   Description
-----------------------------------------------------------------------------
                          0.00    0.00   clock clk (rise edge)
                          1.04    1.04   clock network delay (propagated)
                  0.10    0.00    1.04 ^ _19446_/CLK (sky130_fd_sc_hd__dfxtp_4)
                  0.03    0.35    1.39 v _19446_/Q (sky130_fd_sc_hd__dfxtp_4)
     2    0.00                           CPU_valid_taken_br_a4 (net)
                  0.03    0.00    1.39 v _19445_/D (sky130_fd_sc_hd__dfxtp_4)
                                  1.39   data arrival time

                          0.00    0.00   clock clk (rise edge)
                          1.10    1.10   clock network delay (propagated)
                          0.00    1.10   clock reconvergence pessimism
                                  1.10 ^ _19445_/CLK (sky130_fd_sc_hd__dfxtp_4)
                         -0.01    1.09   library hold time
                                  1.09   data required time
-----------------------------------------------------------------------------
                                  1.09   data required time
                                 -1.39   data arrival time
-----------------------------------------------------------------------------
                                  0.30   slack (MET)


