Startpoint: _19483_ (rising edge-triggered flip-flop clocked by clk)
Endpoint: _19843_ (rising edge-triggered flip-flop clocked by clk)
Path Group: clk
Path Type: max

Fanout     Cap    Slew   Delay    Time   Description
-----------------------------------------------------------------------------
                  0.00    0.00    0.00   clock clk (rise edge)
                          0.00    0.00   clock network delay (ideal)
                  0.00    0.00    0.00 ^ _19483_/CLK (sky130_fd_sc_hd__dfxtp_4)
                  0.27    2.30    2.30 ^ _19483_/Q (sky130_fd_sc_hd__dfxtp_4)
     3    0.01                           CPU_src2_value_a3[1] (net)
                  0.27    0.00    2.30 ^ _12000_/A (sky130_fd_sc_hd__inv_2)
                  0.08    0.23    2.53 v _12000_/Y (sky130_fd_sc_hd__inv_2)
     3    0.01                           _06468_ (net)
                  0.08    0.00    2.53 v _12003_/A (sky130_fd_sc_hd__or2_4)
                  0.32    2.11    4.63 v _12003_/X (sky130_fd_sc_hd__or2_4)
     2    0.01                           _06471_ (net)
                  0.32    0.00    4.63 v _12004_/B1 (sky130_fd_sc_hd__o21a_4)
                  0.23    0.97    5.60 v _12004_/X (sky130_fd_sc_hd__o21a_4)
     2    0.01                           _06472_ (net)
                  0.23    0.00    5.60 v _12005_/B (sky130_fd_sc_hd__or2_4)
                  0.32    2.09    7.69 v _12005_/X (sky130_fd_sc_hd__or2_4)
     2    0.01                           _06473_ (net)
                  0.32    0.00    7.69 v _12006_/B1 (sky130_fd_sc_hd__o21a_4)
                  0.25    0.99    8.68 v _12006_/X (sky130_fd_sc_hd__o21a_4)
     3    0.01                           _06474_ (net)
                  0.25    0.00    8.68 v _12007_/B2 (sky130_fd_sc_hd__o22a_4)
                  0.31    2.00   10.68 v _12007_/X (sky130_fd_sc_hd__o22a_4)
     3    0.01                           _06475_ (net)
                  0.31    0.00   10.68 v _12008_/B2 (sky130_fd_sc_hd__o22a_4)
                  0.30    2.02   12.70 v _12008_/X (sky130_fd_sc_hd__o22a_4)
     3    0.01                           _06476_ (net)
                  0.30    0.00   12.70 v _12009_/D (sky130_fd_sc_hd__or4_4)
                  0.72    4.99   17.69 v _12009_/X (sky130_fd_sc_hd__or4_4)
     1    0.00                           _06477_ (net)
                  0.72    0.00   17.69 v _12010_/D (sky130_fd_sc_hd__and4_4)
                  0.24    1.95   19.64 v _12010_/X (sky130_fd_sc_hd__and4_4)
     4    0.01                           _06478_ (net)
                  0.24    0.00   19.64 v _12011_/C (sky130_fd_sc_hd__or3_4)
                  0.50    3.51   23.15 v _12011_/X (sky130_fd_sc_hd__or3_4)
     1    0.00                           _06479_ (net)
                  0.50    0.00   23.15 v _12012_/D (sky130_fd_sc_hd__and4_4)
                  0.24    1.81   24.96 v _12012_/X (sky130_fd_sc_hd__and4_4)
     4    0.01                           _06480_ (net)
                  0.24    0.00   24.96 v _12013_/C (sky130_fd_sc_hd__or3_4)
                  0.50    3.51   28.47 v _12013_/X (sky130_fd_sc_hd__or3_4)
     1    0.00                           _06481_ (net)
                  0.50    0.00   28.47 v _12014_/D (sky130_fd_sc_hd__and4_4)
                  0.24    1.79   30.26 v _12014_/X (sky130_fd_sc_hd__and4_4)
     3    0.01                           _06482_ (net)
                  0.24    0.00   30.26 v _12015_/D (sky130_fd_sc_hd__or4_4)
                  0.72    4.96   35.23 v _12015_/X (sky130_fd_sc_hd__or4_4)
     1    0.00                           _06483_ (net)
                  0.72    0.00   35.23 v _12016_/D (sky130_fd_sc_hd__and4_4)
                  0.23    1.93   37.15 v _12016_/X (sky130_fd_sc_hd__and4_4)
     3    0.01                           _06484_ (net)
                  0.23    0.00   37.15 v _12017_/C (sky130_fd_sc_hd__or3_4)
                  0.50    3.51   40.66 v _12017_/X (sky130_fd_sc_hd__or3_4)
     1    0.00                           _06485_ (net)
                  0.50    0.00   40.66 v _12018_/C (sky130_fd_sc_hd__and3_4)
                  0.21    1.66   42.32 v _12018_/X (sky130_fd_sc_hd__and3_4)
     2    0.01                           _06486_ (net)
                  0.21    0.00   42.32 v _12019_/B (sky130_fd_sc_hd__or2_4)
                  0.32    2.08   44.40 v _12019_/X (sky130_fd_sc_hd__or2_4)
     2    0.01                           _06487_ (net)
                  0.32    0.00   44.40 v _12020_/B1 (sky130_fd_sc_hd__o21a_4)
                  0.24    0.98   45.38 v _12020_/X (sky130_fd_sc_hd__o21a_4)
     2    0.01                           _06488_ (net)
                  0.24    0.00   45.38 v _12032_/A1 (sky130_fd_sc_hd__o21a_4)
                  0.21    1.86   47.24 v _12032_/X (sky130_fd_sc_hd__o21a_4)
     1    0.00                           _06500_ (net)
                  0.21    0.00   47.24 v _12033_/B2 (sky130_fd_sc_hd__a32o_4)
                  0.26    2.00   49.24 v _12033_/X (sky130_fd_sc_hd__a32o_4)
     3    0.01                           _06501_ (net)
                  0.26    0.00   49.24 v _12034_/B2 (sky130_fd_sc_hd__o22a_4)
                  0.25    1.89   51.13 v _12034_/X (sky130_fd_sc_hd__o22a_4)
     1    0.00                           _06502_ (net)
                  0.25    0.00   51.13 v _12035_/A (sky130_fd_sc_hd__inv_2)
                  0.33    0.44   51.58 ^ _12035_/Y (sky130_fd_sc_hd__inv_2)
     6    0.01                           _06503_ (net)
                  0.33    0.00   51.58 ^ _15469_/A (sky130_fd_sc_hd__buf_2)
                  0.71    0.94   52.52 ^ _15469_/X (sky130_fd_sc_hd__buf_2)
     6    0.02                           _09132_ (net)
                  0.71    0.00   52.52 ^ _15617_/A1 (sky130_fd_sc_hd__a211o_4)
                  0.15    0.79   53.31 ^ _15617_/X (sky130_fd_sc_hd__a211o_4)
     1    0.00                           _09248_ (net)
                  0.15    0.00   53.31 ^ _15618_/A (sky130_fd_sc_hd__inv_2)
                  0.03    0.11   53.43 v _15618_/Y (sky130_fd_sc_hd__inv_2)
     1    0.00                           _00173_ (net)
                  0.03    0.00   53.43 v _19843_/D (sky130_fd_sc_hd__dfxtp_4)
                                 53.43   data arrival time

                  0.00   10.00   10.00   clock clk (rise edge)
                          0.00   10.00   clock network delay (ideal)
                          0.00   10.00   clock reconvergence pessimism
                                 10.00 ^ _19843_/CLK (sky130_fd_sc_hd__dfxtp_4)
                         -1.57    8.43   library setup time
                                  8.43   data required time
-----------------------------------------------------------------------------
                                  8.43   data required time
                                -53.43   data arrival time
-----------------------------------------------------------------------------
                                -44.99   slack (VIOLATED)


