Startpoint: _14959_ (rising edge-triggered flip-flop clocked by clk)
Endpoint: _14958_ (rising edge-triggered flip-flop clocked by clk)
Path Group: clk
Path Type: min

Fanout       Cap      Slew     Delay      Time   Description
-------------------------------------------------------------------------------------
                    0.0000    0.0000    0.0000   clock clk (rise edge)
                              0.0000    0.0000   clock network delay (ideal)
                    0.0000    0.0000    0.0000 ^ _14959_/CLK (sky130_fd_sc_hd__dfxtp_1)
                    0.0334    0.2625    0.2625 ^ _14959_/Q (sky130_fd_sc_hd__dfxtp_1)
     1    0.0017                                 CPU_reset_a2 (net)
                    0.0334    0.0000    0.2625 ^ _14958_/D (sky130_fd_sc_hd__dfxtp_1)
                                        0.2625   data arrival time

                    0.0000    0.0000    0.0000   clock clk (rise edge)
                              0.0000    0.0000   clock network delay (ideal)
                              0.0000    0.0000   clock reconvergence pessimism
                                        0.0000 ^ _14958_/CLK (sky130_fd_sc_hd__dfxtp_1)
                             -0.0291   -0.0291   library hold time
                                       -0.0291   data required time
-------------------------------------------------------------------------------------
                                       -0.0291   data required time
                                       -0.2625   data arrival time
-------------------------------------------------------------------------------------
                                        0.2915   slack (MET)


Startpoint: _14131_ (rising edge-triggered flip-flop clocked by clk)
Endpoint: _14857_ (rising edge-triggered flip-flop clocked by clk)
Path Group: clk
Path Type: max

Fanout       Cap      Slew     Delay      Time   Description
-------------------------------------------------------------------------------------
                    0.0000    0.0000    0.0000   clock clk (rise edge)
                              0.0000    0.0000   clock network delay (ideal)
                    0.0000    0.0000    0.0000 ^ _14131_/CLK (sky130_fd_sc_hd__dfxtp_1)
                   10.8133    7.7802    7.7802 ^ _14131_/Q (sky130_fd_sc_hd__dfxtp_1)
   504    1.0292                                 CPU_rf_rd_index2_a2[0] (net)
                   10.8133    0.0000    7.7802 ^ _8548_/A (sky130_fd_sc_hd__clkinv_1)
                    0.0000    9.8060   17.5862 v _8548_/Y (sky130_fd_sc_hd__clkinv_1)
   488    0.8880                                 _3244_ (net)
                    0.0000    0.0000   17.5862 v _8565_/A2 (sky130_fd_sc_hd__o21ai_0)
                    0.3308    0.1211   17.7073 ^ _8565_/Y (sky130_fd_sc_hd__o21ai_0)
     1    0.0023                                 _3261_ (net)
                    0.3308    0.0000   17.7073 ^ _8568_/B2 (sky130_fd_sc_hd__o221ai_1)
                    0.4838    0.1016   17.8089 v _8568_/Y (sky130_fd_sc_hd__o221ai_1)
     1    0.0021                                 _3264_ (net)
                    0.4838    0.0000   17.8089 v _8569_/C1 (sky130_fd_sc_hd__o211ai_1)
                    0.2404    0.2597   18.0687 ^ _8569_/Y (sky130_fd_sc_hd__o211ai_1)
     1    0.0017                                 _3265_ (net)
                    0.2404    0.0000   18.0687 ^ _8570_/B1 (sky130_fd_sc_hd__o21ai_0)
                    0.1301    0.0848   18.1534 v _8570_/Y (sky130_fd_sc_hd__o21ai_0)
     1    0.0022                                 _3266_ (net)
                    0.1301    0.0000   18.1534 v _8595_/A1 (sky130_fd_sc_hd__a211oi_1)
                    0.1892    0.2487   18.4021 ^ _8595_/Y (sky130_fd_sc_hd__a211oi_1)
     1    0.0023                                 _3291_ (net)
                    0.1892    0.0000   18.4021 ^ _8596_/B1 (sky130_fd_sc_hd__a31oi_1)
                    0.1639    0.0448   18.4470 v _8596_/Y (sky130_fd_sc_hd__a31oi_1)
     1    0.0016                                 CPU_src2_value_a2[0] (net)
                    0.1639    0.0000   18.4470 v _14857_/D (sky130_fd_sc_hd__dfxtp_1)
                                       18.4470   data arrival time

                    0.0000   10.0000   10.0000   clock clk (rise edge)
                              0.0000   10.0000   clock network delay (ideal)
                              0.0000   10.0000   clock reconvergence pessimism
                                       10.0000 ^ _14857_/CLK (sky130_fd_sc_hd__dfxtp_1)
                             -0.1975    9.8025   library setup time
                                        9.8025   data required time
-------------------------------------------------------------------------------------
                                        9.8025   data required time
                                      -18.4470   data arrival time
-------------------------------------------------------------------------------------
                                       -8.6445   slack (VIOLATED)


