Startpoint: _14959_ (rising edge-triggered flip-flop clocked by clk)
Endpoint: _14958_ (rising edge-triggered flip-flop clocked by clk)
Path Group: clk
Path Type: min

Fanout       Cap      Slew     Delay      Time   Description
-------------------------------------------------------------------------------------
                    0.0000    0.0000    0.0000   clock clk (rise edge)
                              0.0000    0.0000   clock network delay (ideal)
                    0.0000    0.0000    0.0000 ^ _14959_/CLK (sky130_fd_sc_hd__dfxtp_1)
                    0.0406    0.5312    0.5312 v _14959_/Q (sky130_fd_sc_hd__dfxtp_1)
     1    0.0016                                 CPU_reset_a2 (net)
                    0.0406    0.0000    0.5312 v _14958_/D (sky130_fd_sc_hd__dfxtp_1)
                                        0.5312   data arrival time

                    0.0000    0.0000    0.0000   clock clk (rise edge)
                              0.0000    0.0000   clock network delay (ideal)
                              0.0000    0.0000   clock reconvergence pessimism
                                        0.0000 ^ _14958_/CLK (sky130_fd_sc_hd__dfxtp_1)
                             -0.1108   -0.1108   library hold time
                                       -0.1108   data required time
-------------------------------------------------------------------------------------
                                       -0.1108   data required time
                                       -0.5312   data arrival time
-------------------------------------------------------------------------------------
                                        0.6420   slack (MET)


Startpoint: _14131_ (rising edge-triggered flip-flop clocked by clk)
Endpoint: _14857_ (rising edge-triggered flip-flop clocked by clk)
Path Group: clk
Path Type: max

Fanout       Cap      Slew     Delay      Time   Description
-------------------------------------------------------------------------------------
                    0.0000    0.0000    0.0000   clock clk (rise edge)
                              0.0000    0.0000   clock network delay (ideal)
                    0.0000    0.0000    0.0000 ^ _14131_/CLK (sky130_fd_sc_hd__dfxtp_1)
                   15.4594   11.5521   11.5521 ^ _14131_/Q (sky130_fd_sc_hd__dfxtp_1)
   504    1.0729                                 CPU_rf_rd_index2_a2[0] (net)
                   15.4594    0.0000   11.5521 ^ _8548_/A (sky130_fd_sc_hd__clkinv_1)
                    8.5082   17.5619   29.1140 v _8548_/Y (sky130_fd_sc_hd__clkinv_1)
   488    0.9332                                 _3244_ (net)
                    8.5082    0.0000   29.1140 v _8565_/A2 (sky130_fd_sc_hd__o21ai_0)
                    1.3406    2.0542   31.1682 ^ _8565_/Y (sky130_fd_sc_hd__o21ai_0)
     1    0.0024                                 _3261_ (net)
                    1.3406    0.0000   31.1682 ^ _8568_/B2 (sky130_fd_sc_hd__o221ai_1)
                    0.7932    0.5404   31.7085 v _8568_/Y (sky130_fd_sc_hd__o221ai_1)
     1    0.0023                                 _3264_ (net)
                    0.7932    0.0000   31.7085 v _8569_/C1 (sky130_fd_sc_hd__o211ai_1)
                    0.5083    0.3638   32.0723 ^ _8569_/Y (sky130_fd_sc_hd__o211ai_1)
     1    0.0017                                 _3265_ (net)
                    0.5083    0.0000   32.0723 ^ _8570_/B1 (sky130_fd_sc_hd__o21ai_0)
                    0.2275    0.3032   32.3755 v _8570_/Y (sky130_fd_sc_hd__o21ai_0)
     1    0.0024                                 _3266_ (net)
                    0.2275    0.0000   32.3755 v _8595_/A1 (sky130_fd_sc_hd__a211oi_1)
                    0.3163    0.3943   32.7698 ^ _8595_/Y (sky130_fd_sc_hd__a211oi_1)
     1    0.0024                                 _3291_ (net)
                    0.3163    0.0000   32.7698 ^ _8596_/B1 (sky130_fd_sc_hd__a31oi_1)
                    0.2841    0.1346   32.9044 v _8596_/Y (sky130_fd_sc_hd__a31oi_1)
     1    0.0016                                 CPU_src2_value_a2[0] (net)
                    0.2841    0.0000   32.9044 v _14857_/D (sky130_fd_sc_hd__dfxtp_1)
                                       32.9044   data arrival time

                    0.0000   10.0000   10.0000   clock clk (rise edge)
                              0.0000   10.0000   clock network delay (ideal)
                              0.0000   10.0000   clock reconvergence pessimism
                                       10.0000 ^ _14857_/CLK (sky130_fd_sc_hd__dfxtp_1)
                             -0.3769    9.6231   library setup time
                                        9.6231   data required time
-------------------------------------------------------------------------------------
                                        9.6231   data required time
                                      -32.9044   data arrival time
-------------------------------------------------------------------------------------
                                      -23.2814   slack (VIOLATED)


