Startpoint: _14959_ (rising edge-triggered flip-flop clocked by clk)
Endpoint: _14958_ (rising edge-triggered flip-flop clocked by clk)
Path Group: clk
Path Type: min

Fanout       Cap      Slew     Delay      Time   Description
-------------------------------------------------------------------------------------
                    0.0000    0.0000    0.0000   clock clk (rise edge)
                              0.0000    0.0000   clock network delay (ideal)
                    0.0000    0.0000    0.0000 ^ _14959_/CLK (sky130_fd_sc_hd__dfxtp_1)
                    0.0534    0.7516    0.7516 v _14959_/Q (sky130_fd_sc_hd__dfxtp_1)
     1    0.0015                                 CPU_reset_a2 (net)
                    0.0534    0.0000    0.7516 v _14958_/D (sky130_fd_sc_hd__dfxtp_1)
                                        0.7516   data arrival time

                    0.0000    0.0000    0.0000   clock clk (rise edge)
                              0.0000    0.0000   clock network delay (ideal)
                              0.0000    0.0000   clock reconvergence pessimism
                                        0.0000 ^ _14958_/CLK (sky130_fd_sc_hd__dfxtp_1)
                             -0.1537   -0.1537   library hold time
                                       -0.1537   data required time
-------------------------------------------------------------------------------------
                                       -0.1537   data required time
                                       -0.7516   data arrival time
-------------------------------------------------------------------------------------
                                        0.9053   slack (MET)


Startpoint: _14131_ (rising edge-triggered flip-flop clocked by clk)
Endpoint: _14857_ (rising edge-triggered flip-flop clocked by clk)
Path Group: clk
Path Type: max

Fanout       Cap      Slew     Delay      Time   Description
-------------------------------------------------------------------------------------
                    0.0000    0.0000    0.0000   clock clk (rise edge)
                              0.0000    0.0000   clock network delay (ideal)
                    0.0000    0.0000    0.0000 ^ _14131_/CLK (sky130_fd_sc_hd__dfxtp_1)
                   20.1322   15.3186   15.3186 ^ _14131_/Q (sky130_fd_sc_hd__dfxtp_1)
   504    1.0325                                 CPU_rf_rd_index2_a2[0] (net)
                   20.1322    0.0000   15.3186 ^ _8548_/A (sky130_fd_sc_hd__clkinv_1)
                   15.3207   23.9704   39.2890 v _8548_/Y (sky130_fd_sc_hd__clkinv_1)
   488    0.9062                                 _3244_ (net)
                   15.3207    0.0000   39.2890 v _8565_/A2 (sky130_fd_sc_hd__o21ai_0)
                    2.3090    4.0532   43.3422 ^ _8565_/Y (sky130_fd_sc_hd__o21ai_0)
     1    0.0023                                 _3261_ (net)
                    2.3090    0.0000   43.3422 ^ _8568_/B2 (sky130_fd_sc_hd__o221ai_1)
                    1.0226    1.0048   44.3470 v _8568_/Y (sky130_fd_sc_hd__o221ai_1)
     1    0.0022                                 _3264_ (net)
                    1.0226    0.0000   44.3470 v _8569_/C1 (sky130_fd_sc_hd__o211ai_1)
                    0.6364    0.5668   44.9138 ^ _8569_/Y (sky130_fd_sc_hd__o211ai_1)
     1    0.0016                                 _3265_ (net)
                    0.6364    0.0000   44.9138 ^ _8570_/B1 (sky130_fd_sc_hd__o21ai_0)
                    0.2751    0.4270   45.3407 v _8570_/Y (sky130_fd_sc_hd__o21ai_0)
     1    0.0023                                 _3266_ (net)
                    0.2751    0.0000   45.3407 v _8595_/A1 (sky130_fd_sc_hd__a211oi_1)
                    0.4169    0.5612   45.9020 ^ _8595_/Y (sky130_fd_sc_hd__a211oi_1)
     1    0.0023                                 _3291_ (net)
                    0.4169    0.0000   45.9020 ^ _8596_/B1 (sky130_fd_sc_hd__a31oi_1)
                    0.3505    0.2099   46.1118 v _8596_/Y (sky130_fd_sc_hd__a31oi_1)
     1    0.0015                                 CPU_src2_value_a2[0] (net)
                    0.3505    0.0000   46.1118 v _14857_/D (sky130_fd_sc_hd__dfxtp_1)
                                       46.1118   data arrival time

                    0.0000   10.0000   10.0000   clock clk (rise edge)
                              0.0000   10.0000   clock network delay (ideal)
                              0.0000   10.0000   clock reconvergence pessimism
                                       10.0000 ^ _14857_/CLK (sky130_fd_sc_hd__dfxtp_1)
                             -0.6042    9.3958   library setup time
                                        9.3958   data required time
-------------------------------------------------------------------------------------
                                        9.3958   data required time
                                      -46.1118   data arrival time
-------------------------------------------------------------------------------------
                                      -36.7160   slack (VIOLATED)


