Startpoint: _14959_ (rising edge-triggered flip-flop clocked by clk)
Endpoint: _14958_ (rising edge-triggered flip-flop clocked by clk)
Path Group: clk
Path Type: min

Fanout       Cap      Slew     Delay      Time   Description
-------------------------------------------------------------------------------------
                    0.0000    0.0000    0.0000   clock clk (rise edge)
                              0.0000    0.0000   clock network delay (ideal)
                    0.0000    0.0000    0.0000 ^ _14959_/CLK (sky130_fd_sc_hd__dfxtp_1)
                    0.0508    0.9091    0.9091 v _14959_/Q (sky130_fd_sc_hd__dfxtp_1)
     1    0.0014                                 CPU_reset_a2 (net)
                    0.0508    0.0000    0.9091 v _14958_/D (sky130_fd_sc_hd__dfxtp_1)
                                        0.9091   data arrival time

                    0.0000    0.0000    0.0000   clock clk (rise edge)
                              0.0000    0.0000   clock network delay (ideal)
                              0.0000    0.0000   clock reconvergence pessimism
                                        0.0000 ^ _14958_/CLK (sky130_fd_sc_hd__dfxtp_1)
                             -0.2158   -0.2158   library hold time
                                       -0.2158   data required time
-------------------------------------------------------------------------------------
                                       -0.2158   data required time
                                       -0.9091   data arrival time
-------------------------------------------------------------------------------------
                                        1.1249   slack (MET)


Startpoint: _14131_ (rising edge-triggered flip-flop clocked by clk)
Endpoint: _14857_ (rising edge-triggered flip-flop clocked by clk)
Path Group: clk
Path Type: max

Fanout       Cap      Slew     Delay      Time   Description
-------------------------------------------------------------------------------------
                    0.0000    0.0000    0.0000   clock clk (rise edge)
                              0.0000    0.0000   clock network delay (ideal)
                    0.0000    0.0000    0.0000 ^ _14131_/CLK (sky130_fd_sc_hd__dfxtp_1)
                   29.9791   23.5097   23.5097 ^ _14131_/Q (sky130_fd_sc_hd__dfxtp_1)
   504    0.9474                                 CPU_rf_rd_index2_a2[0] (net)
                   29.9791    0.0000   23.5097 ^ _8548_/A (sky130_fd_sc_hd__clkinv_1)
                   11.2106   28.0366   51.5462 v _8548_/Y (sky130_fd_sc_hd__clkinv_1)
   488    0.8352                                 _3244_ (net)
                   11.2106    0.0000   51.5462 v _8565_/A2 (sky130_fd_sc_hd__o21ai_0)
                    1.4606    6.3800   57.9262 ^ _8565_/Y (sky130_fd_sc_hd__o21ai_0)
     1    0.0021                                 _3261_ (net)
                    1.4606    0.0000   57.9262 ^ _8568_/B2 (sky130_fd_sc_hd__o221ai_1)
                    1.0564    0.8021   58.7283 v _8568_/Y (sky130_fd_sc_hd__o221ai_1)
     1    0.0020                                 _3264_ (net)
                    1.0564    0.0000   58.7283 v _8569_/C1 (sky130_fd_sc_hd__o211ai_1)
                    0.5420    0.8517   59.5800 ^ _8569_/Y (sky130_fd_sc_hd__o211ai_1)
     1    0.0015                                 _3265_ (net)
                    0.5420    0.0000   59.5800 ^ _8570_/B1 (sky130_fd_sc_hd__o21ai_0)
                    0.2753    0.3849   59.9649 v _8570_/Y (sky130_fd_sc_hd__o21ai_0)
     1    0.0021                                 _3266_ (net)
                    0.2753    0.0000   59.9649 v _8595_/A1 (sky130_fd_sc_hd__a211oi_1)
                    0.6492    0.8933   60.8582 ^ _8595_/Y (sky130_fd_sc_hd__a211oi_1)
     1    0.0021                                 _3291_ (net)
                    0.6492    0.0000   60.8582 ^ _8596_/B1 (sky130_fd_sc_hd__a31oi_1)
                    0.3519    0.3098   61.1680 v _8596_/Y (sky130_fd_sc_hd__a31oi_1)
     1    0.0014                                 CPU_src2_value_a2[0] (net)
                    0.3519    0.0000   61.1680 v _14857_/D (sky130_fd_sc_hd__dfxtp_1)
                                       61.1680   data arrival time

                    0.0000   10.0000   10.0000   clock clk (rise edge)
                              0.0000   10.0000   clock network delay (ideal)
                              0.0000   10.0000   clock reconvergence pessimism
                                       10.0000 ^ _14857_/CLK (sky130_fd_sc_hd__dfxtp_1)
                             -0.9954    9.0046   library setup time
                                        9.0046   data required time
-------------------------------------------------------------------------------------
                                        9.0046   data required time
                                      -61.1680   data arrival time
-------------------------------------------------------------------------------------
                                      -52.1634   slack (VIOLATED)


