Startpoint: _14959_ (rising edge-triggered flip-flop clocked by clk)
Endpoint: _14958_ (rising edge-triggered flip-flop clocked by clk)
Path Group: clk
Path Type: min

Fanout       Cap      Slew     Delay      Time   Description
-------------------------------------------------------------------------------------
                    0.0000    0.0000    0.0000   clock clk (rise edge)
                              0.0000    0.0000   clock network delay (ideal)
                    0.0000    0.0000    0.0000 ^ _14959_/CLK (sky130_fd_sc_hd__dfxtp_1)
                    0.0275    0.4099    0.4099 v _14959_/Q (sky130_fd_sc_hd__dfxtp_1)
     1    0.0015                                 CPU_reset_a2 (net)
                    0.0275    0.0000    0.4099 v _14958_/D (sky130_fd_sc_hd__dfxtp_1)
                                        0.4099   data arrival time

                    0.0000    0.0000    0.0000   clock clk (rise edge)
                              0.0000    0.0000   clock network delay (ideal)
                              0.0000    0.0000   clock reconvergence pessimism
                                        0.0000 ^ _14958_/CLK (sky130_fd_sc_hd__dfxtp_1)
                             -0.0939   -0.0939   library hold time
                                       -0.0939   data required time
-------------------------------------------------------------------------------------
                                       -0.0939   data required time
                                       -0.4099   data arrival time
-------------------------------------------------------------------------------------
                                        0.5038   slack (MET)


Startpoint: _14131_ (rising edge-triggered flip-flop clocked by clk)
Endpoint: _14857_ (rising edge-triggered flip-flop clocked by clk)
Path Group: clk
Path Type: max

Fanout       Cap      Slew     Delay      Time   Description
-------------------------------------------------------------------------------------
                    0.0000    0.0000    0.0000   clock clk (rise edge)
                              0.0000    0.0000   clock network delay (ideal)
                    0.0000    0.0000    0.0000 ^ _14131_/CLK (sky130_fd_sc_hd__dfxtp_1)
                   15.0613   11.1289   11.1289 ^ _14131_/Q (sky130_fd_sc_hd__dfxtp_1)
   504    1.0347                                 CPU_rf_rd_index2_a2[0] (net)
                   15.0613    0.0000   11.1289 ^ _8548_/A (sky130_fd_sc_hd__clkinv_1)
                    0.0000   15.3663   26.4952 v _8548_/Y (sky130_fd_sc_hd__clkinv_1)
   488    0.8910                                 _3244_ (net)
                    0.0000    0.0000   26.4952 v _8565_/A2 (sky130_fd_sc_hd__o21ai_0)
                    0.4249    0.1853   26.6805 ^ _8565_/Y (sky130_fd_sc_hd__o21ai_0)
     1    0.0023                                 _3261_ (net)
                    0.4249    0.0000   26.6805 ^ _8568_/B2 (sky130_fd_sc_hd__o221ai_1)
                    0.6906    0.2366   26.9170 v _8568_/Y (sky130_fd_sc_hd__o221ai_1)
     1    0.0022                                 _3264_ (net)
                    0.6906    0.0000   26.9170 v _8569_/C1 (sky130_fd_sc_hd__o211ai_1)
                    0.3171    0.4080   27.3250 ^ _8569_/Y (sky130_fd_sc_hd__o211ai_1)
     1    0.0016                                 _3265_ (net)
                    0.3171    0.0000   27.3250 ^ _8570_/B1 (sky130_fd_sc_hd__o21ai_0)
                    0.1683    0.1890   27.5141 v _8570_/Y (sky130_fd_sc_hd__o21ai_0)
     1    0.0023                                 _3266_ (net)
                    0.1683    0.0000   27.5141 v _8595_/A1 (sky130_fd_sc_hd__a211oi_1)
                    0.2723    0.3626   27.8766 ^ _8595_/Y (sky130_fd_sc_hd__a211oi_1)
     1    0.0023                                 _3291_ (net)
                    0.2723    0.0000   27.8766 ^ _8596_/B1 (sky130_fd_sc_hd__a31oi_1)
                    0.2118    0.1034   27.9801 v _8596_/Y (sky130_fd_sc_hd__a31oi_1)
     1    0.0015                                 CPU_src2_value_a2[0] (net)
                    0.2118    0.0000   27.9801 v _14857_/D (sky130_fd_sc_hd__dfxtp_1)
                                       27.9801   data arrival time

                    0.0000   10.0000   10.0000   clock clk (rise edge)
                              0.0000   10.0000   clock network delay (ideal)
                              0.0000   10.0000   clock reconvergence pessimism
                                       10.0000 ^ _14857_/CLK (sky130_fd_sc_hd__dfxtp_1)
                             -0.3325    9.6675   library setup time
                                        9.6675   data required time
-------------------------------------------------------------------------------------
                                        9.6675   data required time
                                      -27.9801   data arrival time
-------------------------------------------------------------------------------------
                                      -18.3126   slack (VIOLATED)


