Startpoint: _14959_ (rising edge-triggered flip-flop clocked by clk)
Endpoint: _14958_ (rising edge-triggered flip-flop clocked by clk)
Path Group: clk
Path Type: min

Fanout       Cap      Slew     Delay      Time   Description
-------------------------------------------------------------------------------------
                    0.0000    0.0000    0.0000   clock clk (rise edge)
                              0.0000    0.0000   clock network delay (ideal)
                    0.0000    0.0000    0.0000 ^ _14959_/CLK (sky130_fd_sc_hd__dfxtp_1)
                    0.0329    0.2749    0.2749 ^ _14959_/Q (sky130_fd_sc_hd__dfxtp_1)
     1    0.0017                                 CPU_reset_a2 (net)
                    0.0329    0.0000    0.2749 ^ _14958_/D (sky130_fd_sc_hd__dfxtp_1)
                                        0.2749   data arrival time

                    0.0000    0.0000    0.0000   clock clk (rise edge)
                              0.0000    0.0000   clock network delay (ideal)
                              0.0000    0.0000   clock reconvergence pessimism
                                        0.0000 ^ _14958_/CLK (sky130_fd_sc_hd__dfxtp_1)
                             -0.0346   -0.0346   library hold time
                                       -0.0346   data required time
-------------------------------------------------------------------------------------
                                       -0.0346   data required time
                                       -0.2749   data arrival time
-------------------------------------------------------------------------------------
                                        0.3096   slack (MET)


Startpoint: _14131_ (rising edge-triggered flip-flop clocked by clk)
Endpoint: _14857_ (rising edge-triggered flip-flop clocked by clk)
Path Group: clk
Path Type: max

Fanout       Cap      Slew     Delay      Time   Description
-------------------------------------------------------------------------------------
                    0.0000    0.0000    0.0000   clock clk (rise edge)
                              0.0000    0.0000   clock network delay (ideal)
                    0.0000    0.0000    0.0000 ^ _14131_/CLK (sky130_fd_sc_hd__dfxtp_1)
                   10.0054    7.2754    7.2754 ^ _14131_/Q (sky130_fd_sc_hd__dfxtp_1)
   504    1.0883                                 CPU_rf_rd_index2_a2[0] (net)
                   10.0054    0.0000    7.2754 ^ _8548_/A (sky130_fd_sc_hd__clkinv_1)
                    0.0000   10.8576   18.1330 v _8548_/Y (sky130_fd_sc_hd__clkinv_1)
   488    0.9335                                 _3244_ (net)
                    0.0000    0.0000   18.1330 v _8565_/A2 (sky130_fd_sc_hd__o21ai_0)
                    0.4216    0.1166   18.2495 ^ _8565_/Y (sky130_fd_sc_hd__o21ai_0)
     1    0.0024                                 _3261_ (net)
                    0.4216    0.0000   18.2495 ^ _8568_/B2 (sky130_fd_sc_hd__o221ai_1)
                    0.4802    0.1572   18.4068 v _8568_/Y (sky130_fd_sc_hd__o221ai_1)
     1    0.0023                                 _3264_ (net)
                    0.4802    0.0000   18.4068 v _8569_/C1 (sky130_fd_sc_hd__o211ai_1)
                    0.2846    0.2069   18.6137 ^ _8569_/Y (sky130_fd_sc_hd__o211ai_1)
     1    0.0017                                 _3265_ (net)
                    0.2846    0.0000   18.6137 ^ _8570_/B1 (sky130_fd_sc_hd__o21ai_0)
                    0.1401    0.1323   18.7460 v _8570_/Y (sky130_fd_sc_hd__o21ai_0)
     1    0.0024                                 _3266_ (net)
                    0.1401    0.0000   18.7460 v _8595_/A1 (sky130_fd_sc_hd__a211oi_1)
                    0.1889    0.2221   18.9681 ^ _8595_/Y (sky130_fd_sc_hd__a211oi_1)
     1    0.0024                                 _3291_ (net)
                    0.1889    0.0000   18.9681 ^ _8596_/B1 (sky130_fd_sc_hd__a31oi_1)
                    0.1722    0.0521   19.0202 v _8596_/Y (sky130_fd_sc_hd__a31oi_1)
     1    0.0017                                 CPU_src2_value_a2[0] (net)
                    0.1722    0.0000   19.0202 v _14857_/D (sky130_fd_sc_hd__dfxtp_1)
                                       19.0202   data arrival time

                    0.0000   10.0000   10.0000   clock clk (rise edge)
                              0.0000   10.0000   clock network delay (ideal)
                              0.0000   10.0000   clock reconvergence pessimism
                                       10.0000 ^ _14857_/CLK (sky130_fd_sc_hd__dfxtp_1)
                             -0.1770    9.8230   library setup time
                                        9.8230   data required time
-------------------------------------------------------------------------------------
                                        9.8230   data required time
                                      -19.0202   data arrival time
-------------------------------------------------------------------------------------
                                       -9.1972   slack (VIOLATED)


